#
# A fatal error has been detected by the Java Runtime Environment:
#
#  EXCEPTION_ACCESS_VIOLATION (0xc0000005) at pc=0x0000000000000000, pid=22724, tid=7512
#
# JRE version: OpenJDK Runtime Environment (20.0+36) (build 20+36-2344)
# Java VM: OpenJDK 64-Bit Server VM (20+36-2344, mixed mode, sharing, tiered, compressed oops, compressed class ptrs, g1 gc, windows-amd64)
# Problematic frame:
# C  0x000001fc38d88868
#
# No core dump will be written. Minidumps are not enabled by default on client versions of Windows
#
# If you would like to submit a bug report, please visit:
#   https://bugreport.java.com/bugreport/crash.jsp
#

---------------  S U M M A R Y ------------

Command Line: -javaagent:C:\Program Files\JetBrains\IntelliJ IDEA Community Edition 2023.1\lib\idea_rt.jar=52526:C:\Program Files\JetBrains\IntelliJ IDEA Community Edition 2023.1\bin -Dfile.encoding=UTF-8 -Dsun.stdout.encoding=UTF-8 -Dsun.stderr.encoding=UTF-8 org.awesome.LibraryApplication

Host: Intel(R) Celeron(R) N4100 CPU @ 1.10GHz, 4 cores, 7G,  Windows 10 , 64 bit Build 19041 (10.0.19041.3031)
Time: Tue Jun 27 03:43:08 2023  Windows 10 , 64 bit Build 19041 (10.0.19041.3031) elapsed time: 1829.863164 seconds (0d 0h 30m 29s)

---------------  T H R E A D  ---------------

Current thread (0x000001fc301c02a0):  JavaThread "C2 CompilerThread0" daemon [_thread_in_native, id=7512, stack(0x0000008420200000,0x0000008420300000)]


Current CompileTask:
C2:1829863 18624       4       org.springframework.core.annotation.AnnotationTypeMappings::addMetaAnnotationsToQueue (134 bytes)

Stack: [0x0000008420200000,0x0000008420300000],  sp=0x00000084202fb8e8,  free space=1006k
Native frames: (J=compiled Java code, j=interpreted, Vv=VM code, C=native code)


siginfo: EXCEPTION_ACCESS_VIOLATION (0xc0000005), data execution prevention violation at address 0x0000000000000000


Registers:
RAX=0x0000000000000001, RBX=0x000001fc38d87018, RCX=0x000001fc3a2a9ec0, RDX=0x0000000000000004
RSP=0x00000084202fb8e0, RBP=0x000001fc395cbee8, RSI=0x000001fc38d87018, RDI=0x0000000000000002
R8 =0x000001fc38d87018, R9 =0x00007ffb32b69e68, R10=0x0000000000000054, R11=0x000001fc38d87020
R12=0x0000000000000001, R13=0x0000000000000002, R14=0x0000000000000068, R15=0x0000000000000028
RIP=0x0000000000000000, EFLAGS=0x0000000000010246


Register to memory mapping:

RIP=0x0 is NULL
RAX=0x0000000000000001 is an unknown value
RBX=0x000001fc38d87018 points into unknown readable memory: 0x00007ffb33225938 | 38 59 22 33 fb 7f 00 00
RCX=0x000001fc3a2a9ec0 points into unknown readable memory: 0x0000000000000000 | 00 00 00 00 00 00 00 00
RDX=0x0000000000000004 is an unknown value
RSP=0x00000084202fb8e0 is pointing into the stack for thread: 0x000001fc301c02a0
RBP=0x000001fc395cbee8 points into unknown readable memory: 0x00007ffb33211400 | 00 14 21 33 fb 7f 00 00
RSI=0x000001fc38d87018 points into unknown readable memory: 0x00007ffb33225938 | 38 59 22 33 fb 7f 00 00
RDI=0x0000000000000002 is an unknown value
R8 =0x000001fc38d87018 points into unknown readable memory: 0x00007ffb33225938 | 38 59 22 33 fb 7f 00 00
R9 =0x00007ffb32b69e68 jvm.dll
R10=0x0000000000000054 is an unknown value
R11=0x000001fc38d87020 points into unknown readable memory: 0x000001fc38d87060 | 60 70 d8 38 fc 01 00 00
R12=0x0000000000000001 is an unknown value
R13=0x0000000000000002 is an unknown value
R14=0x0000000000000068 is an unknown value
R15=0x0000000000000028 is an unknown value


Top of Stack: (sp=0x00000084202fb8e0)
0x00000084202fb8e0:   000001fc38d88868 000001fc38d87044
0x00000084202fb8f0:   000001fc3a2a9ec0 00007ffb32f15e48
0x00000084202fb900:   000001fc38d87018 000001fc395cbee8
0x00000084202fb910:   0000000000000000 00000084202fbee0
0x00000084202fb920:   000001fc37d45878 00007ffb330d27f1
0x00000084202fb930:   0000000400000001 0000000000000010
0x00000084202fb940:   0000000000000002 0000000000000000
0x00000084202fb950:   000001fc3a2a9738 000001fc395cc0f8
0x00000084202fb960:   00000084202fbee0 000001fc395cbee8
0x00000084202fb970:   000001fc38d88868 00007ffb32f15e0f
0x00000084202fb980:   00000084202fbee0 0000000000000000
0x00000084202fb990:   000001fc3a2a9738 000001fc395cbee8
0x00000084202fb9a0:   00000084202fbab8 00000084202fbee0
0x00000084202fb9b0:   0000000400000001 0000000000000010
0x00000084202fb9c0:   000001fc3a2a6fa0 00000084202fbee0
0x00000084202fb9d0:   0000000000000000 00000084202fbee0
0x00000084202fb9e0:   000001fc395cc0f8 00000084202fc868
0x00000084202fb9f0:   0000000000000001 00007ffb32f1becc
0x00000084202fba00:   00000084202fbee0 000001fc3a2a8fb0
0x00000084202fba10:   000001fc3a2a8fb0 000001fc395cbee8
0x00000084202fba20:   00000084202fbab8 00007ffb32992c4e
0x00000084202fba30:   000000000000a7b0 000001fc3a2a8fb0
0x00000084202fba40:   000001fc3a2aef88 000001fc395ce1d0
0x00000084202fba50:   0000000000000068 000000000000005b
0x00000084202fba60:   0000000000000068 000001fc395cc0f8
0x00000084202fba70:   00000084202fbee0 0000000000000000
0x00000084202fba80:   000001fc36b3d898 00000084202fbb00
0x00000084202fba90:   000001fc395cc0f8 00007ffb32f1cefc
0x00000084202fbaa0:   000001fc3f333ae8 000001fc36b3d898
0x00000084202fbab0:   000001fc3f38e210 000001fc3f38e210
0x00000084202fbac0:   000001fc3ef597b0 000001fc3efd7520
0x00000084202fbad0:   000001fc3ef2f020 000001fc301b1ac0 

Instructions: (pc=0x000001fc38d88868)
0x000001fc38d88768:   d8 e4 b7 38 fc 01 00 00 d8 e4 b7 38 fc 01 00 00
0x000001fc38d88778:   d8 e4 b7 38 fc 01 00 00 d8 e4 b7 38 fc 01 00 00
0x000001fc38d88788:   d8 e4 b7 38 fc 01 00 00 d8 e4 b7 38 fc 01 00 00
0x000001fc38d88798:   d8 e4 b7 38 fc 01 00 00 d8 e4 b7 38 fc 01 00 00
0x000001fc38d887a8:   d8 e4 b7 38 fc 01 00 00 d8 e4 b7 38 fc 01 00 00
0x000001fc38d887b8:   d8 e4 b7 38 fc 01 00 00 d8 e4 b7 38 fc 01 00 00
0x000001fc38d887c8:   d8 e4 b7 38 fc 01 00 00 d8 e4 b7 38 fc 01 00 00
0x000001fc38d887d8:   d8 e4 b7 38 fc 01 00 00 d8 e4 b7 38 fc 01 00 00
0x000001fc38d887e8:   d8 e4 b7 38 fc 01 00 00 d8 e4 b7 38 fc 01 00 00
0x000001fc38d887f8:   d8 e4 b7 38 fc 01 00 00 d8 e4 b7 38 fc 01 00 00
0x000001fc38d88808:   d8 e4 b7 38 fc 01 00 00 d8 e4 b7 38 fc 01 00 00
0x000001fc38d88818:   d8 e4 b7 38 fc 01 00 00 d8 e4 b7 38 fc 01 00 00
0x000001fc38d88828:   d8 e4 b7 38 fc 01 00 00 d8 e4 b7 38 fc 01 00 00
0x000001fc38d88838:   d8 e4 b7 38 fc 01 00 00 e0 85 d8 38 fc 01 00 00
0x000001fc38d88848:   68 82 d8 38 fc 01 00 00 78 8c d8 38 fc 01 00 00
0x000001fc38d88858:   08 90 d8 38 fc 01 00 00 b8 96 d8 38 fc 01 00 00
0x000001fc38d88868:   90 c8 20 33 fb 7f 00 00 a0 88 d8 38 fc 01 00 00
0x000001fc38d88878:   b8 27 77 38 fc 01 00 00 04 00 00 00 04 00 00 00
0x000001fc38d88888:   05 00 00 00 08 00 00 00 7e 13 00 00 00 02 00 00
0x000001fc38d88898:   00 00 00 00 ff ff ff ff 00 00 00 00 00 00 00 00
0x000001fc38d888a8:   18 70 d8 38 fc 01 00 00 18 70 d8 38 fc 01 00 00
0x000001fc38d888b8:   98 a2 05 35 fc 01 00 00 d8 80 29 33 fb 7f 00 00
0x000001fc38d888c8:   10 89 d8 38 fc 01 00 00 98 28 33 3f fc 01 00 00
0x000001fc38d888d8:   03 00 00 00 03 00 00 00 07 00 00 00 10 00 00 00
0x000001fc38d888e8:   0d 0f 00 00 30 00 00 00 00 00 00 00 fc 01 00 00
0x000001fc38d888f8:   00 00 00 00 00 00 00 00 02 00 00 00 00 00 00 00
0x000001fc38d88908:   08 7e d4 37 fc 01 00 00 48 65 d8 38 fc 01 00 00
0x000001fc38d88918:   10 53 d8 38 fc 01 00 00 68 88 d8 38 fc 01 00 00
0x000001fc38d88928:   c0 88 d8 38 fc 01 00 00 e8 d1 76 38 fc 01 00 00
0x000001fc38d88938:   68 dc 76 38 fc 01 00 00 08 0f 77 38 fc 01 00 00
0x000001fc38d88948:   18 54 21 33 fb 7f 00 00 88 89 d8 38 fc 01 00 00
0x000001fc38d88958:   70 dd 76 38 fc 01 00 00 02 00 00 00 02 00 00 00 


Stack slot to memory mapping:
stack at sp + 0 slots: 0x000001fc38d87044 points into unknown readable memory: 54 00 00 00
stack at sp + 1 slots: 0x000001fc3a2a9ec0 points into unknown readable memory: 0x0000000000000000 | 00 00 00 00 00 00 00 00
stack at sp + 2 slots: 0x00007ffb32f15e48 jvm.dll
stack at sp + 3 slots: 0x000001fc38d87018 points into unknown readable memory: 0x00007ffb33225938 | 38 59 22 33 fb 7f 00 00
stack at sp + 4 slots: 0x000001fc395cbee8 points into unknown readable memory: 0x00007ffb33211400 | 00 14 21 33 fb 7f 00 00
stack at sp + 5 slots: 0x0 is NULL
stack at sp + 6 slots: 0x00000084202fbee0 is pointing into the stack for thread: 0x000001fc301c02a0
stack at sp + 7 slots: 0x000001fc37d45878 points into unknown readable memory: 0x00007ffb332c2648 | 48 26 2c 33 fb 7f 00 00


---------------  P R O C E S S  ---------------

Threads class SMR info:
_java_thread_list=0x000001fc39582900, length=22, elements={
0x000001fc301afb40, 0x000001fc301b0a60, 0x000001fc301b2890, 0x000001fc301b5e00,
0x000001fc301b6350, 0x000001fc301b68a0, 0x000001fc301c02a0, 0x000001fc34408480,
0x000001fc3017e910, 0x000001fc34a4c4e0, 0x000001fc34a48d90, 0x000001fc35edbb00,
0x000001fc3749ec20, 0x000001fc374a2140, 0x000001fc367ebdb0, 0x000001fc374a2be0,
0x000001fc367f0d60, 0x000001fc367ec300, 0x000001fc367ee830, 0x000001fc35eda070,
0x000001fc367ef2d0, 0x000001fc367f1800
}

Java Threads: ( => current thread )
  0x000001fc301afb40 JavaThread "Reference Handler" daemon [_thread_blocked, id=20460, stack(0x000000841fc00000,0x000000841fd00000)]
  0x000001fc301b0a60 JavaThread "Finalizer" daemon [_thread_blocked, id=19576, stack(0x000000841fd00000,0x000000841fe00000)]
  0x000001fc301b2890 JavaThread "Signal Dispatcher" daemon [_thread_blocked, id=9836, stack(0x000000841fe00000,0x000000841ff00000)]
  0x000001fc301b5e00 JavaThread "Attach Listener" daemon [_thread_blocked, id=19164, stack(0x000000841ff00000,0x0000008420000000)]
  0x000001fc301b6350 JavaThread "Service Thread" daemon [_thread_blocked, id=23312, stack(0x0000008420000000,0x0000008420100000)]
  0x000001fc301b68a0 JavaThread "Monitor Deflation Thread" daemon [_thread_blocked, id=20000, stack(0x0000008420100000,0x0000008420200000)]
=>0x000001fc301c02a0 JavaThread "C2 CompilerThread0" daemon [_thread_in_native, id=7512, stack(0x0000008420200000,0x0000008420300000)]
  0x000001fc34408480 JavaThread "C1 CompilerThread0" daemon [_thread_blocked, id=12228, stack(0x0000008420300000,0x0000008420400000)]
  0x000001fc3017e910 JavaThread "Common-Cleaner" daemon [_thread_blocked, id=8024, stack(0x0000008420400000,0x0000008420500000)]
  0x000001fc34a4c4e0 JavaThread "Monitor Ctrl-Break" daemon [_thread_in_native, id=13628, stack(0x0000008420700000,0x0000008420800000)]
  0x000001fc34a48d90 JavaThread "Notification Thread" daemon [_thread_blocked, id=22020, stack(0x0000008420800000,0x0000008420900000)]
  0x000001fc35edbb00 JavaThread "mysql-cj-abandoned-connection-cleanup" daemon [_thread_blocked, id=17032, stack(0x0000008421200000,0x0000008421300000)]
  0x000001fc3749ec20 JavaThread "Live Reload Server" daemon [_thread_in_native, id=10252, stack(0x0000008421600000,0x0000008421700000)]
  0x000001fc374a2140 JavaThread "DestroyJavaVM" [_thread_blocked, id=21600, stack(0x000000841f500000,0x000000841f600000)]
  0x000001fc367ebdb0 JavaThread "File Watcher" daemon [_thread_in_native, id=20008, stack(0x0000008420f00000,0x0000008421000000)]
  0x000001fc374a2be0 JavaThread "File Watcher" daemon [_thread_in_native, id=3628, stack(0x0000008420600000,0x0000008420700000)]
  0x000001fc367f0d60 JavaThread "File Watcher" daemon [_thread_in_native, id=15160, stack(0x0000008420500000,0x0000008420600000)]
  0x000001fc367ec300 JavaThread "File Watcher" daemon [_thread_in_native, id=20592, stack(0x0000008420e00000,0x0000008420f00000)]
  0x000001fc367ee830 JavaThread "File Watcher" daemon [_thread_in_native, id=7612, stack(0x0000008421100000,0x0000008421200000)]
  0x000001fc35eda070 JavaThread "Thread-62" [_thread_blocked, id=21176, stack(0x0000008421400000,0x0000008421500000)]
  0x000001fc367ef2d0 JavaThread "File Watcher" daemon [_thread_in_native, id=15304, stack(0x0000008420d00000,0x0000008420e00000)]
  0x000001fc367f1800 JavaThread "restartedMain" [_thread_in_Java, id=22924, stack(0x0000008421300000,0x0000008421400000)]

Other Threads:
  0x000001fc301927b0 VMThread "VM Thread" [stack: 0x000000841fb00000,0x000000841fc00000] [id=3904]
  0x000001fc347ba6f0 WatcherThread "VM Periodic Task Thread" [stack: 0x0000008420900000,0x0000008420a00000] [id=14340]
  0x000001fc1417a730 WorkerThread "GC Thread#0" [stack: 0x000000841f600000,0x000000841f700000] [id=6780]
  0x000001fc34bf8140 WorkerThread "GC Thread#1" [stack: 0x0000008420a00000,0x0000008420b00000] [id=8612]
  0x000001fc34d12350 WorkerThread "GC Thread#2" [stack: 0x0000008420b00000,0x0000008420c00000] [id=22112]
  0x000001fc34d10480 WorkerThread "GC Thread#3" [stack: 0x0000008420c00000,0x0000008420d00000] [id=19960]
  0x000001fc1418b260 ConcurrentGCThread "G1 Main Marker" [stack: 0x000000841f700000,0x000000841f800000] [id=18752]
  0x000001fc1418c430 WorkerThread "G1 Conc#0" [stack: 0x000000841f800000,0x000000841f900000] [id=4140]
  0x000001fc300524c0 ConcurrentGCThread "G1 Refine#0" [stack: 0x000000841f900000,0x000000841fa00000] [id=744]
  0x000001fc141de960 ConcurrentGCThread "G1 Service" [stack: 0x000000841fa00000,0x000000841fb00000] [id=16256]

Threads with active compile tasks:
C2 CompilerThread0  1830188 18624       4       org.springframework.core.annotation.AnnotationTypeMappings::addMetaAnnotationsToQueue (134 bytes)

VM state: not at safepoint (normal execution)

VM Mutex/Monitor currently owned by a thread: None

Heap address: 0x0000000082c00000, size: 2004 MB, Compressed Oops mode: 32-bit

CDS archive(s) mapped at: [0x0000000800000000-0x0000000800c60000-0x0000000800c60000), size 12976128, SharedBaseAddress: 0x0000000800000000, ArchiveRelocationMode: 0.
Compressed class space mapped at: 0x0000000801000000-0x0000000841000000, reserved size: 1073741824
Narrow klass base: 0x0000000800000000, Narrow klass shift: 0, Narrow klass range: 0x100000000

GC Precious Log:
 CardTable entry size: 512
 Card Set container configuration: InlinePtr #cards 5 size 8 Array Of Cards #cards 12 size 40 Howl #buckets 4 coarsen threshold 1843 Howl Bitmap #cards 512 size 80 coarsen threshold 460 Card regions per heap region 1 cards per card region 2048
 CPUs: 4 total, 4 available
 Memory: 8013M
 Large Page Support: Disabled
 NUMA Support: Disabled
 Compressed Oops: Enabled (32-bit)
 Heap Region Size: 1M
 Heap Min Capacity: 8M
 Heap Initial Capacity: 126M
 Heap Max Capacity: 2004M
 Pre-touch: Disabled
 Parallel Workers: 4
 Concurrent Workers: 1
 Concurrent Refinement Workers: 4
 Periodic GC: Disabled

Heap:
 garbage-first heap   total 138240K, used 117872K [0x0000000082c00000, 0x0000000100000000)
  region size 1024K, 66 young (67584K), 2 survivors (2048K)
 Metaspace       used 102592K, committed 104192K, reserved 1179648K
  class space    used 12594K, committed 13376K, reserved 1048576K

Heap Regions: E=young(eden), S=young(survivor), O=old, HS=humongous(starts), HC=humongous(continues), CS=collection set, F=free, OA=open archive, CA=closed archive, TAMS=top-at-mark-start, PB=parsable bottom
|   0|0x0000000082c00000, 0x0000000082d00000, 0x0000000082d00000|100%|HS|  |TAMS 0x0000000082c00000| PB 0x0000000082c00000| Complete 
|   1|0x0000000082d00000, 0x0000000082dfb500, 0x0000000082e00000| 98%| O|  |TAMS 0x0000000082d00000| PB 0x0000000082d00000| Untracked 
|   2|0x0000000082e00000, 0x0000000082efffc0, 0x0000000082f00000| 99%| O|  |TAMS 0x0000000082e00000| PB 0x0000000082e00000| Untracked 
|   3|0x0000000082f00000, 0x0000000083000000, 0x0000000083000000|100%| O|  |TAMS 0x0000000082f00000| PB 0x0000000082f00000| Untracked 
|   4|0x0000000083000000, 0x0000000083100000, 0x0000000083100000|100%| O|  |TAMS 0x0000000083000000| PB 0x0000000083000000| Untracked 
|   5|0x0000000083100000, 0x0000000083200000, 0x0000000083200000|100%| O|  |TAMS 0x0000000083100000| PB 0x0000000083100000| Untracked 
|   6|0x0000000083200000, 0x00000000832ffff0, 0x0000000083300000| 99%| O|  |TAMS 0x0000000083200000| PB 0x0000000083200000| Untracked 
|   7|0x0000000083300000, 0x00000000833fffd0, 0x0000000083400000| 99%| O|  |TAMS 0x0000000083300000| PB 0x0000000083300000| Untracked 
|   8|0x0000000083400000, 0x0000000083500000, 0x0000000083500000|100%| O|  |TAMS 0x0000000083400000| PB 0x0000000083400000| Untracked 
|   9|0x0000000083500000, 0x00000000835fffe8, 0x0000000083600000| 99%| O|  |TAMS 0x0000000083500000| PB 0x0000000083500000| Untracked 
|  10|0x0000000083600000, 0x00000000836fe8c8, 0x0000000083700000| 99%| O|  |TAMS 0x0000000083600000| PB 0x0000000083600000| Untracked 
|  11|0x0000000083700000, 0x00000000837ffff8, 0x0000000083800000| 99%| O|  |TAMS 0x0000000083700000| PB 0x0000000083700000| Untracked 
|  12|0x0000000083800000, 0x00000000838fffe8, 0x0000000083900000| 99%| O|  |TAMS 0x0000000083800000| PB 0x0000000083800000| Untracked 
|  13|0x0000000083900000, 0x00000000839fffb8, 0x0000000083a00000| 99%| O|  |TAMS 0x0000000083900000| PB 0x0000000083900000| Untracked 
|  14|0x0000000083a00000, 0x0000000083afffd8, 0x0000000083b00000| 99%| O|  |TAMS 0x0000000083a00000| PB 0x0000000083a00000| Untracked 
|  15|0x0000000083b00000, 0x0000000083bfffc8, 0x0000000083c00000| 99%| O|  |TAMS 0x0000000083b00000| PB 0x0000000083b00000| Untracked 
|  16|0x0000000083c00000, 0x0000000083cffff0, 0x0000000083d00000| 99%| O|  |TAMS 0x0000000083c00000| PB 0x0000000083c00000| Untracked 
|  17|0x0000000083d00000, 0x0000000083dfbeb8, 0x0000000083e00000| 98%| O|  |TAMS 0x0000000083d00000| PB 0x0000000083d00000| Untracked 
|  18|0x0000000083e00000, 0x0000000083f00000, 0x0000000083f00000|100%| O|  |TAMS 0x0000000083e00000| PB 0x0000000083e00000| Untracked 
|  19|0x0000000083f00000, 0x0000000083ffffc8, 0x0000000084000000| 99%| O|  |TAMS 0x0000000083f00000| PB 0x0000000083f00000| Untracked 
|  20|0x0000000084000000, 0x0000000084100000, 0x0000000084100000|100%| O|  |TAMS 0x0000000084000000| PB 0x0000000084000000| Untracked 
|  21|0x0000000084100000, 0x00000000841ffff0, 0x0000000084200000| 99%| O|  |TAMS 0x0000000084100000| PB 0x0000000084100000| Untracked 
|  22|0x0000000084200000, 0x00000000842fffd0, 0x0000000084300000| 99%| O|  |TAMS 0x0000000084200000| PB 0x0000000084200000| Untracked 
|  23|0x0000000084300000, 0x0000000084400000, 0x0000000084400000|100%| O|  |TAMS 0x0000000084300000| PB 0x0000000084300000| Untracked 
|  24|0x0000000084400000, 0x0000000084500000, 0x0000000084500000|100%| O|  |TAMS 0x0000000084400000| PB 0x0000000084400000| Untracked 
|  25|0x0000000084500000, 0x00000000845ffff0, 0x0000000084600000| 99%| O|  |TAMS 0x0000000084500000| PB 0x0000000084500000| Untracked 
|  26|0x0000000084600000, 0x0000000084700000, 0x0000000084700000|100%| O|  |TAMS 0x0000000084600000| PB 0x0000000084600000| Untracked 
|  27|0x0000000084700000, 0x0000000084800000, 0x0000000084800000|100%| O|  |TAMS 0x0000000084700000| PB 0x0000000084700000| Untracked 
|  28|0x0000000084800000, 0x00000000848ffbb8, 0x0000000084900000| 99%| O|  |TAMS 0x0000000084800000| PB 0x0000000084800000| Untracked 
|  29|0x0000000084900000, 0x00000000849fffd8, 0x0000000084a00000| 99%| O|  |TAMS 0x0000000084900000| PB 0x0000000084900000| Untracked 
|  30|0x0000000084a00000, 0x0000000084affff8, 0x0000000084b00000| 99%| O|  |TAMS 0x0000000084a00000| PB 0x0000000084a00000| Untracked 
|  31|0x0000000084b00000, 0x0000000084c00000, 0x0000000084c00000|100%| O|  |TAMS 0x0000000084b00000| PB 0x0000000084b00000| Untracked 
|  32|0x0000000084c00000, 0x0000000084cfffe8, 0x0000000084d00000| 99%| O|  |TAMS 0x0000000084c00000| PB 0x0000000084c00000| Untracked 
|  33|0x0000000084d00000, 0x0000000084dfffd0, 0x0000000084e00000| 99%| O|  |TAMS 0x0000000084d00000| PB 0x0000000084d00000| Untracked 
|  34|0x0000000084e00000, 0x0000000084efffb0, 0x0000000084f00000| 99%| O|  |TAMS 0x0000000084e00000| PB 0x0000000084e00000| Untracked 
|  35|0x0000000084f00000, 0x0000000084ff8130, 0x0000000085000000| 96%| O|  |TAMS 0x0000000084f00000| PB 0x0000000084f00000| Untracked 
|  36|0x0000000085000000, 0x00000000850fffb0, 0x0000000085100000| 99%| O|  |TAMS 0x0000000085000000| PB 0x0000000085000000| Untracked 
|  37|0x0000000085100000, 0x00000000851ffff8, 0x0000000085200000| 99%| O|  |TAMS 0x0000000085100000| PB 0x0000000085100000| Untracked 
|  38|0x0000000085200000, 0x00000000852fffe0, 0x0000000085300000| 99%| O|  |TAMS 0x0000000085200000| PB 0x0000000085200000| Untracked 
|  39|0x0000000085300000, 0x00000000853ff988, 0x0000000085400000| 99%| O|  |TAMS 0x0000000085300000| PB 0x0000000085300000| Untracked 
|  40|0x0000000085400000, 0x00000000854ffff0, 0x0000000085500000| 99%| O|  |TAMS 0x0000000085400000| PB 0x0000000085400000| Untracked 
|  41|0x0000000085500000, 0x00000000855ffff8, 0x0000000085600000| 99%| O|  |TAMS 0x0000000085500000| PB 0x0000000085500000| Untracked 
|  42|0x0000000085600000, 0x00000000856ffff0, 0x0000000085700000| 99%| O|  |TAMS 0x0000000085600000| PB 0x0000000085600000| Untracked 
|  43|0x0000000085700000, 0x00000000857ffff8, 0x0000000085800000| 99%| O|  |TAMS 0x0000000085700000| PB 0x0000000085700000| Untracked 
|  44|0x0000000085800000, 0x00000000858c7a88, 0x0000000085900000| 77%| O|  |TAMS 0x0000000085800000| PB 0x0000000085800000| Untracked 
|  45|0x0000000085900000, 0x00000000859fffe8, 0x0000000085a00000| 99%| O|  |TAMS 0x0000000085900000| PB 0x0000000085900000| Untracked 
|  46|0x0000000085a00000, 0x0000000085a611e0, 0x0000000085b00000| 37%| O|  |TAMS 0x0000000085a00000| PB 0x0000000085a00000| Complete 
|  47|0x0000000085b00000, 0x0000000085c00000, 0x0000000085c00000|100%| O|  |TAMS 0x0000000085b00000| PB 0x0000000085b00000| Untracked 
|  48|0x0000000085c00000, 0x0000000085c7aec0, 0x0000000085d00000| 48%| O|  |TAMS 0x0000000085c00000| PB 0x0000000085c00000| Untracked 
|  49|0x0000000085d00000, 0x0000000085e00000, 0x0000000085e00000|100%| O|  |TAMS 0x0000000085d00000| PB 0x0000000085d00000| Untracked 
|  50|0x0000000085e00000, 0x0000000085f00000, 0x0000000085f00000|100%| O|  |TAMS 0x0000000085e00000| PB 0x0000000085e00000| Untracked 
|  51|0x0000000085f00000, 0x0000000086000000, 0x0000000086000000|100%| O|  |TAMS 0x0000000085f00000| PB 0x0000000085f00000| Untracked 
|  52|0x0000000086000000, 0x0000000086000000, 0x0000000086100000|  0%| F|  |TAMS 0x0000000086000000| PB 0x0000000086000000| Untracked 
|  53|0x0000000086100000, 0x0000000086100000, 0x0000000086200000|  0%| F|  |TAMS 0x0000000086100000| PB 0x0000000086100000| Untracked 
|  54|0x0000000086200000, 0x0000000086200000, 0x0000000086300000|  0%| F|  |TAMS 0x0000000086200000| PB 0x0000000086200000| Untracked 
|  55|0x0000000086300000, 0x0000000086300000, 0x0000000086400000|  0%| F|  |TAMS 0x0000000086300000| PB 0x0000000086300000| Untracked 
|  56|0x0000000086400000, 0x0000000086400000, 0x0000000086500000|  0%| F|  |TAMS 0x0000000086400000| PB 0x0000000086400000| Untracked 
|  57|0x0000000086500000, 0x0000000086500000, 0x0000000086600000|  0%| F|  |TAMS 0x0000000086500000| PB 0x0000000086500000| Untracked 
|  58|0x0000000086600000, 0x000000008664be00, 0x0000000086700000| 29%| O|  |TAMS 0x0000000086600000| PB 0x0000000086600000| Untracked 
|  59|0x0000000086700000, 0x0000000086700000, 0x0000000086800000|  0%| F|  |TAMS 0x0000000086700000| PB 0x0000000086700000| Untracked 
|  60|0x0000000086800000, 0x0000000086800000, 0x0000000086900000|  0%| F|  |TAMS 0x0000000086800000| PB 0x0000000086800000| Untracked 
|  61|0x0000000086900000, 0x0000000086900000, 0x0000000086a00000|  0%| F|  |TAMS 0x0000000086900000| PB 0x0000000086900000| Untracked 
|  62|0x0000000086a00000, 0x0000000086a00000, 0x0000000086b00000|  0%| F|  |TAMS 0x0000000086a00000| PB 0x0000000086a00000| Untracked 
|  63|0x0000000086b00000, 0x0000000086b00000, 0x0000000086c00000|  0%| F|  |TAMS 0x0000000086b00000| PB 0x0000000086b00000| Untracked 
|  64|0x0000000086c00000, 0x0000000086c00000, 0x0000000086d00000|  0%| F|  |TAMS 0x0000000086c00000| PB 0x0000000086c00000| Untracked 
|  65|0x0000000086d00000, 0x0000000086d00000, 0x0000000086e00000|  0%| F|  |TAMS 0x0000000086d00000| PB 0x0000000086d00000| Untracked 
|  66|0x0000000086e00000, 0x0000000086e3f828, 0x0000000086f00000| 24%| S|CS|TAMS 0x0000000086e00000| PB 0x0000000086e00000| Complete 
|  67|0x0000000086f00000, 0x0000000087000000, 0x0000000087000000|100%| S|CS|TAMS 0x0000000086f00000| PB 0x0000000086f00000| Complete 
|  68|0x0000000087000000, 0x0000000087000000, 0x0000000087100000|  0%| F|  |TAMS 0x0000000087000000| PB 0x0000000087000000| Untracked 
|  69|0x0000000087100000, 0x0000000087100000, 0x0000000087200000|  0%| F|  |TAMS 0x0000000087100000| PB 0x0000000087100000| Untracked 
|  70|0x0000000087200000, 0x00000000872b3e88, 0x0000000087300000| 70%| E|  |TAMS 0x0000000087200000| PB 0x0000000087200000| Complete 
|  71|0x0000000087300000, 0x0000000087400000, 0x0000000087400000|100%| E|CS|TAMS 0x0000000087300000| PB 0x0000000087300000| Complete 
|  72|0x0000000087400000, 0x0000000087500000, 0x0000000087500000|100%| E|CS|TAMS 0x0000000087400000| PB 0x0000000087400000| Complete 
|  73|0x0000000087500000, 0x0000000087600000, 0x0000000087600000|100%| E|CS|TAMS 0x0000000087500000| PB 0x0000000087500000| Complete 
|  74|0x0000000087600000, 0x0000000087700000, 0x0000000087700000|100%| E|CS|TAMS 0x0000000087600000| PB 0x0000000087600000| Complete 
|  75|0x0000000087700000, 0x0000000087800000, 0x0000000087800000|100%| E|CS|TAMS 0x0000000087700000| PB 0x0000000087700000| Complete 
|  76|0x0000000087800000, 0x0000000087900000, 0x0000000087900000|100%| E|CS|TAMS 0x0000000087800000| PB 0x0000000087800000| Complete 
|  77|0x0000000087900000, 0x0000000087a00000, 0x0000000087a00000|100%| E|CS|TAMS 0x0000000087900000| PB 0x0000000087900000| Complete 
|  78|0x0000000087a00000, 0x0000000087b00000, 0x0000000087b00000|100%| E|CS|TAMS 0x0000000087a00000| PB 0x0000000087a00000| Complete 
|  79|0x0000000087b00000, 0x0000000087c00000, 0x0000000087c00000|100%| E|CS|TAMS 0x0000000087b00000| PB 0x0000000087b00000| Complete 
|  80|0x0000000087c00000, 0x0000000087d00000, 0x0000000087d00000|100%| E|CS|TAMS 0x0000000087c00000| PB 0x0000000087c00000| Complete 
|  81|0x0000000087d00000, 0x0000000087e00000, 0x0000000087e00000|100%| E|CS|TAMS 0x0000000087d00000| PB 0x0000000087d00000| Complete 
|  82|0x0000000087e00000, 0x0000000087f00000, 0x0000000087f00000|100%| E|CS|TAMS 0x0000000087e00000| PB 0x0000000087e00000| Complete 
|  83|0x0000000087f00000, 0x0000000088000000, 0x0000000088000000|100%| E|CS|TAMS 0x0000000087f00000| PB 0x0000000087f00000| Complete 
|  84|0x0000000088000000, 0x0000000088100000, 0x0000000088100000|100%| E|CS|TAMS 0x0000000088000000| PB 0x0000000088000000| Complete 
|  85|0x0000000088100000, 0x0000000088200000, 0x0000000088200000|100%| E|CS|TAMS 0x0000000088100000| PB 0x0000000088100000| Complete 
|  86|0x0000000088200000, 0x0000000088300000, 0x0000000088300000|100%| E|CS|TAMS 0x0000000088200000| PB 0x0000000088200000| Complete 
|  87|0x0000000088300000, 0x0000000088400000, 0x0000000088400000|100%| E|CS|TAMS 0x0000000088300000| PB 0x0000000088300000| Complete 
|  88|0x0000000088400000, 0x0000000088500000, 0x0000000088500000|100%| E|CS|TAMS 0x0000000088400000| PB 0x0000000088400000| Complete 
|  89|0x0000000088500000, 0x0000000088600000, 0x0000000088600000|100%| E|CS|TAMS 0x0000000088500000| PB 0x0000000088500000| Complete 
|  90|0x0000000088600000, 0x0000000088700000, 0x0000000088700000|100%| E|CS|TAMS 0x0000000088600000| PB 0x0000000088600000| Complete 
|  91|0x0000000088700000, 0x0000000088800000, 0x0000000088800000|100%| E|CS|TAMS 0x0000000088700000| PB 0x0000000088700000| Complete 
|  92|0x0000000088800000, 0x0000000088900000, 0x0000000088900000|100%| E|CS|TAMS 0x0000000088800000| PB 0x0000000088800000| Complete 
|  93|0x0000000088900000, 0x0000000088a00000, 0x0000000088a00000|100%| E|CS|TAMS 0x0000000088900000| PB 0x0000000088900000| Complete 
|  94|0x0000000088a00000, 0x0000000088b00000, 0x0000000088b00000|100%| E|CS|TAMS 0x0000000088a00000| PB 0x0000000088a00000| Complete 
|  95|0x0000000088b00000, 0x0000000088c00000, 0x0000000088c00000|100%| E|CS|TAMS 0x0000000088b00000| PB 0x0000000088b00000| Complete 
|  96|0x0000000088c00000, 0x0000000088d00000, 0x0000000088d00000|100%| E|CS|TAMS 0x0000000088c00000| PB 0x0000000088c00000| Complete 
|  97|0x0000000088d00000, 0x0000000088e00000, 0x0000000088e00000|100%| E|CS|TAMS 0x0000000088d00000| PB 0x0000000088d00000| Complete 
|  98|0x0000000088e00000, 0x0000000088f00000, 0x0000000088f00000|100%| E|CS|TAMS 0x0000000088e00000| PB 0x0000000088e00000| Complete 
|  99|0x0000000088f00000, 0x0000000089000000, 0x0000000089000000|100%| E|CS|TAMS 0x0000000088f00000| PB 0x0000000088f00000| Complete 
| 100|0x0000000089000000, 0x0000000089100000, 0x0000000089100000|100%| E|CS|TAMS 0x0000000089000000| PB 0x0000000089000000| Complete 
| 101|0x0000000089100000, 0x0000000089200000, 0x0000000089200000|100%| E|CS|TAMS 0x0000000089100000| PB 0x0000000089100000| Complete 
| 102|0x0000000089200000, 0x0000000089300000, 0x0000000089300000|100%| E|CS|TAMS 0x0000000089200000| PB 0x0000000089200000| Complete 
| 103|0x0000000089300000, 0x0000000089400000, 0x0000000089400000|100%| E|CS|TAMS 0x0000000089300000| PB 0x0000000089300000| Complete 
| 104|0x0000000089400000, 0x0000000089500000, 0x0000000089500000|100%| E|CS|TAMS 0x0000000089400000| PB 0x0000000089400000| Complete 
| 105|0x0000000089500000, 0x0000000089600000, 0x0000000089600000|100%| E|CS|TAMS 0x0000000089500000| PB 0x0000000089500000| Complete 
| 106|0x0000000089600000, 0x0000000089700000, 0x0000000089700000|100%| E|CS|TAMS 0x0000000089600000| PB 0x0000000089600000| Complete 
| 107|0x0000000089700000, 0x0000000089800000, 0x0000000089800000|100%| E|CS|TAMS 0x0000000089700000| PB 0x0000000089700000| Complete 
| 108|0x0000000089800000, 0x0000000089900000, 0x0000000089900000|100%| E|CS|TAMS 0x0000000089800000| PB 0x0000000089800000| Complete 
| 109|0x0000000089900000, 0x0000000089a00000, 0x0000000089a00000|100%| E|CS|TAMS 0x0000000089900000| PB 0x0000000089900000| Complete 
| 110|0x0000000089a00000, 0x0000000089b00000, 0x0000000089b00000|100%| E|CS|TAMS 0x0000000089a00000| PB 0x0000000089a00000| Complete 
| 111|0x0000000089b00000, 0x0000000089c00000, 0x0000000089c00000|100%| E|CS|TAMS 0x0000000089b00000| PB 0x0000000089b00000| Complete 
| 112|0x0000000089c00000, 0x0000000089d00000, 0x0000000089d00000|100%| E|CS|TAMS 0x0000000089c00000| PB 0x0000000089c00000| Complete 
| 113|0x0000000089d00000, 0x0000000089e00000, 0x0000000089e00000|100%| E|CS|TAMS 0x0000000089d00000| PB 0x0000000089d00000| Complete 
| 114|0x0000000089e00000, 0x0000000089f00000, 0x0000000089f00000|100%| E|CS|TAMS 0x0000000089e00000| PB 0x0000000089e00000| Complete 
| 115|0x0000000089f00000, 0x000000008a000000, 0x000000008a000000|100%| E|CS|TAMS 0x0000000089f00000| PB 0x0000000089f00000| Complete 
| 116|0x000000008a000000, 0x000000008a100000, 0x000000008a100000|100%| E|CS|TAMS 0x000000008a000000| PB 0x000000008a000000| Complete 
| 117|0x000000008a100000, 0x000000008a200000, 0x000000008a200000|100%| E|CS|TAMS 0x000000008a100000| PB 0x000000008a100000| Complete 
| 118|0x000000008a200000, 0x000000008a300000, 0x000000008a300000|100%| E|CS|TAMS 0x000000008a200000| PB 0x000000008a200000| Complete 
| 119|0x000000008a300000, 0x000000008a400000, 0x000000008a400000|100%| E|CS|TAMS 0x000000008a300000| PB 0x000000008a300000| Complete 
| 120|0x000000008a400000, 0x000000008a500000, 0x000000008a500000|100%| E|CS|TAMS 0x000000008a400000| PB 0x000000008a400000| Complete 
| 121|0x000000008a500000, 0x000000008a600000, 0x000000008a600000|100%| E|CS|TAMS 0x000000008a500000| PB 0x000000008a500000| Complete 
| 122|0x000000008a600000, 0x000000008a700000, 0x000000008a700000|100%| E|CS|TAMS 0x000000008a600000| PB 0x000000008a600000| Complete 
| 123|0x000000008a700000, 0x000000008a800000, 0x000000008a800000|100%| E|CS|TAMS 0x000000008a700000| PB 0x000000008a700000| Complete 
| 124|0x000000008a800000, 0x000000008a900000, 0x000000008a900000|100%| E|CS|TAMS 0x000000008a800000| PB 0x000000008a800000| Complete 
| 125|0x000000008a900000, 0x000000008aa00000, 0x000000008aa00000|100%| E|CS|TAMS 0x000000008a900000| PB 0x000000008a900000| Complete 
| 126|0x000000008aa00000, 0x000000008ab00000, 0x000000008ab00000|100%| E|CS|TAMS 0x000000008aa00000| PB 0x000000008aa00000| Complete 
| 127|0x000000008ab00000, 0x000000008ac00000, 0x000000008ac00000|100%| E|CS|TAMS 0x000000008ab00000| PB 0x000000008ab00000| Complete 
| 128|0x000000008ac00000, 0x000000008ad00000, 0x000000008ad00000|100%| E|CS|TAMS 0x000000008ac00000| PB 0x000000008ac00000| Complete 
| 129|0x000000008ad00000, 0x000000008ae00000, 0x000000008ae00000|100%| E|CS|TAMS 0x000000008ad00000| PB 0x000000008ad00000| Complete 
| 130|0x000000008ae00000, 0x000000008af00000, 0x000000008af00000|100%| E|CS|TAMS 0x000000008ae00000| PB 0x000000008ae00000| Complete 
| 131|0x000000008af00000, 0x000000008b000000, 0x000000008b000000|100%| E|CS|TAMS 0x000000008af00000| PB 0x000000008af00000| Complete 
| 132|0x000000008b000000, 0x000000008b100000, 0x000000008b100000|100%| E|CS|TAMS 0x000000008b000000| PB 0x000000008b000000| Complete 
| 133|0x000000008b100000, 0x000000008b200000, 0x000000008b200000|100%| E|CS|TAMS 0x000000008b100000| PB 0x000000008b100000| Complete 
| 134|0x000000008b200000, 0x000000008b300000, 0x000000008b300000|100%| E|CS|TAMS 0x000000008b200000| PB 0x000000008b200000| Complete 

Card table byte_map: [0x000001fc2b5c0000,0x000001fc2b9b0000] _byte_map_base: 0x000001fc2b1aa000

Marking Bits: (CMBitMap*) 0x000001fc1417ad60
 Bits: [0x000001fc2bda0000, 0x000001fc2dcf0000)

Polling page: 0x000001fc138e0000

Metaspace:

Usage:
  Non-class:     87.89 MB used.
      Class:     12.30 MB used.
       Both:    100.19 MB used.

Virtual space:
  Non-class space:      128.00 MB reserved,      88.69 MB ( 69%) committed,  2 nodes.
      Class space:        1.00 GB reserved,      13.06 MB (  1%) committed,  1 nodes.
             Both:        1.12 GB reserved,     101.75 MB (  9%) committed. 

Chunk freelists:
   Non-Class:  2.83 MB
       Class:  2.88 MB
        Both:  5.71 MB

MaxMetaspaceSize: unlimited
CompressedClassSpaceSize: 1.00 GB
Initial GC threshold: 21.00 MB
Current GC threshold: 169.38 MB
CDS: on
MetaspaceReclaimPolicy: balanced
 - commit_granule_bytes: 65536.
 - commit_granule_words: 8192.
 - virtual_space_node_default_size: 8388608.
 - enlarge_chunks_in_place: 1.
 - new_chunks_are_fully_committed: 0.
 - uncommit_free_chunks: 1.
 - use_allocation_guard: 0.


Internal statistics:

num_allocs_failed_limit: 6.
num_arena_births: 2332.
num_arena_deaths: 32.
num_vsnodes_births: 3.
num_vsnodes_deaths: 0.
num_space_committed: 1628.
num_space_uncommitted: 0.
num_chunks_returned_to_freelist: 39.
num_chunks_taken_from_freelist: 6387.
num_chunk_merges: 3.
num_chunk_splits: 4388.
num_chunks_enlarged: 3183.
num_inconsistent_stats: 0.

CodeHeap 'non-profiled nmethods': size=120000Kb used=10707Kb max_used=10707Kb free=109292Kb
 bounds [0x000001fc23ca0000, 0x000001fc24720000, 0x000001fc2b1d0000]
CodeHeap 'profiled nmethods': size=120000Kb used=25807Kb max_used=25807Kb free=94192Kb
 bounds [0x000001fc1c1d0000, 0x000001fc1db10000, 0x000001fc23700000]
CodeHeap 'non-nmethods': size=5760Kb used=2984Kb max_used=3042Kb free=2775Kb
 bounds [0x000001fc23700000, 0x000001fc23a10000, 0x000001fc23ca0000]
 total_blobs=12780 nmethods=11780 adapters=909
 compilation: enabled
              stopped_count=0, restarted_count=0
 full_count=0

Compilation events (20 events):
Event: 1829.129 Thread 0x000001fc34408480 nmethod 18617 0x000001fc24710910 code [0x000001fc24710a80, 0x000001fc24710b48]
Event: 1829.129 Thread 0x000001fc34408480 18618       1       ch.qos.logback.core.pattern.CompositeConverter::setChildConverter (6 bytes)
Event: 1829.129 Thread 0x000001fc34408480 nmethod 18618 0x000001fc24710c10 code [0x000001fc24710da0, 0x000001fc24710eb8]
Event: 1829.129 Thread 0x000001fc34408480 18619       1       ch.qos.logback.core.pattern.CompositeConverter::getChildConverter (5 bytes)
Event: 1829.129 Thread 0x000001fc34408480 nmethod 18619 0x000001fc24710f10 code [0x000001fc24711080, 0x000001fc24711148]
Event: 1829.133 Thread 0x000001fc301c02a0 18620       4       java.util.stream.AbstractPipeline::evaluateToArrayNode (78 bytes)
Event: 1829.158 Thread 0x000001fc301c02a0 nmethod 18620 0x000001fc24711210 code [0x000001fc24711420, 0x000001fc24711ce8]
Event: 1829.230 Thread 0x000001fc301c02a0 18621       4       org.springframework.boot.context.annotation.ImportCandidates::stripComment (21 bytes)
Event: 1829.232 Thread 0x000001fc301c02a0 nmethod 18621 0x000001fc24712610 code [0x000001fc24712780, 0x000001fc24712978]
Event: 1829.302 Thread 0x000001fc301c02a0 18622       4       java.util.ArrayList::fastRemove (44 bytes)
Event: 1829.305 Thread 0x000001fc301c02a0 nmethod 18622 0x000001fc24712a90 code [0x000001fc24712c00, 0x000001fc24712db0]
Event: 1829.305 Thread 0x000001fc301c02a0 18623       4       org.springframework.core.annotation.AnnotationTypeMapping::validateAllAliasesClaimed (97 bytes)
Event: 1829.338 Thread 0x000001fc301c02a0 nmethod 18623 0x000001fc24712f10 code [0x000001fc24713180, 0x000001fc24713ed8]
Event: 1829.338 Thread 0x000001fc301c02a0 18624       4       org.springframework.core.annotation.AnnotationTypeMappings::addMetaAnnotationsToQueue (134 bytes)
Event: 1829.665 Thread 0x000001fc34408480 18626       1       org.springframework.context.annotation.ImportSelector::getExclusionFilter (2 bytes)
Event: 1829.666 Thread 0x000001fc34408480 nmethod 18626 0x000001fc24714990 code [0x000001fc24714b00, 0x000001fc24714bd0]
Event: 1829.712 Thread 0x000001fc34408480 18627       1       org.springframework.boot.autoconfigure.condition.AbstractNestedCondition$MemberMatchOutcomes::getNonMatches (5 bytes)
Event: 1829.712 Thread 0x000001fc34408480 nmethod 18627 0x000001fc24714c90 code [0x000001fc24714e00, 0x000001fc24714ec8]
Event: 1829.783 Thread 0x000001fc34408480 18628       3       org.springframework.boot.autoconfigure.condition.AbstractNestedCondition::<init> (16 bytes)
Event: 1829.784 Thread 0x000001fc34408480 nmethod 18628 0x000001fc1d837e10 code [0x000001fc1d838040, 0x000001fc1d838900]

GC Heap History (20 events):
Event: 1637.853 GC heap before
{Heap before GC invocations=133 (full 10):
 garbage-first heap   total 138240K, used 121222K [0x0000000082c00000, 0x0000000100000000)
  region size 1024K, 73 young (74752K), 6 survivors (6144K)
 Metaspace       used 101054K, committed 102656K, reserved 1179648K
  class space    used 12458K, committed 13248K, reserved 1048576K
}
Event: 1637.865 GC heap after
{Heap after GC invocations=134 (full 10):
 garbage-first heap   total 138240K, used 54362K [0x0000000082c00000, 0x0000000100000000)
  region size 1024K, 8 young (8192K), 8 survivors (8192K)
 Metaspace       used 101054K, committed 102656K, reserved 1179648K
  class space    used 12458K, committed 13248K, reserved 1048576K
}
Event: 1669.953 GC heap before
{Heap before GC invocations=134 (full 10):
 garbage-first heap   total 138240K, used 118874K [0x0000000082c00000, 0x0000000100000000)
  region size 1024K, 71 young (72704K), 8 survivors (8192K)
 Metaspace       used 101058K, committed 102656K, reserved 1179648K
  class space    used 12458K, committed 13248K, reserved 1048576K
}
Event: 1669.963 GC heap after
{Heap after GC invocations=135 (full 10):
 garbage-first heap   total 138240K, used 54060K [0x0000000082c00000, 0x0000000100000000)
  region size 1024K, 3 young (3072K), 3 survivors (3072K)
 Metaspace       used 101058K, committed 102656K, reserved 1179648K
  class space    used 12458K, committed 13248K, reserved 1048576K
}
Event: 1704.776 GC heap before
{Heap before GC invocations=135 (full 10):
 garbage-first heap   total 138240K, used 122668K [0x0000000082c00000, 0x0000000100000000)
  region size 1024K, 71 young (72704K), 3 survivors (3072K)
 Metaspace       used 101079K, committed 102720K, reserved 1179648K
  class space    used 12458K, committed 13248K, reserved 1048576K
}
Event: 1704.940 GC heap after
{Heap after GC invocations=136 (full 11):
 garbage-first heap   total 138240K, used 44212K [0x0000000082c00000, 0x0000000100000000)
  region size 1024K, 0 young (0K), 0 survivors (0K)
 Metaspace       used 101076K, committed 102720K, reserved 1179648K
  class space    used 12458K, committed 13248K, reserved 1048576K
}
Event: 1708.997 GC heap before
{Heap before GC invocations=136 (full 11):
 garbage-first heap   total 138240K, used 125108K [0x0000000082c00000, 0x0000000100000000)
  region size 1024K, 80 young (81920K), 0 survivors (0K)
 Metaspace       used 101574K, committed 103104K, reserved 1179648K
  class space    used 12499K, committed 13248K, reserved 1048576K
}
Event: 1709.007 GC heap after
{Heap after GC invocations=137 (full 11):
 garbage-first heap   total 138240K, used 50151K [0x0000000082c00000, 0x0000000100000000)
  region size 1024K, 6 young (6144K), 6 survivors (6144K)
 Metaspace       used 101574K, committed 103104K, reserved 1179648K
  class space    used 12499K, committed 13248K, reserved 1048576K
}
Event: 1710.816 GC heap before
{Heap before GC invocations=138 (full 11):
 garbage-first heap   total 138240K, used 122855K [0x0000000082c00000, 0x0000000100000000)
  region size 1024K, 77 young (78848K), 6 survivors (6144K)
 Metaspace       used 101797K, committed 103360K, reserved 1179648K
  class space    used 12522K, committed 13312K, reserved 1048576K
}
Event: 1710.827 GC heap after
{Heap after GC invocations=139 (full 11):
 garbage-first heap   total 138240K, used 52559K [0x0000000082c00000, 0x0000000100000000)
  region size 1024K, 3 young (3072K), 3 survivors (3072K)
 Metaspace       used 101797K, committed 103360K, reserved 1179648K
  class space    used 12522K, committed 13312K, reserved 1048576K
}
Event: 1745.736 GC heap before
{Heap before GC invocations=139 (full 11):
 garbage-first heap   total 138240K, used 125263K [0x0000000082c00000, 0x0000000100000000)
  region size 1024K, 74 young (75776K), 3 survivors (3072K)
 Metaspace       used 101799K, committed 103360K, reserved 1179648K
  class space    used 12522K, committed 13312K, reserved 1048576K
}
Event: 1745.743 GC heap after
{Heap after GC invocations=140 (full 11):
 garbage-first heap   total 138240K, used 53402K [0x0000000082c00000, 0x0000000100000000)
  region size 1024K, 4 young (4096K), 4 survivors (4096K)
 Metaspace       used 101799K, committed 103360K, reserved 1179648K
  class space    used 12522K, committed 13312K, reserved 1048576K
}
Event: 1776.234 GC heap before
{Heap before GC invocations=140 (full 11):
 garbage-first heap   total 138240K, used 124058K [0x0000000082c00000, 0x0000000100000000)
  region size 1024K, 73 young (74752K), 4 survivors (4096K)
 Metaspace       used 101905K, committed 103488K, reserved 1179648K
  class space    used 12529K, committed 13312K, reserved 1048576K
}
Event: 1776.240 GC heap after
{Heap after GC invocations=141 (full 11):
 garbage-first heap   total 138240K, used 54758K [0x0000000082c00000, 0x0000000100000000)
  region size 1024K, 5 young (5120K), 5 survivors (5120K)
 Metaspace       used 101905K, committed 103488K, reserved 1179648K
  class space    used 12529K, committed 13312K, reserved 1048576K
}
Event: 1783.217 GC heap before
{Heap before GC invocations=142 (full 11):
 garbage-first heap   total 138240K, used 71142K [0x0000000082c00000, 0x0000000100000000)
  region size 1024K, 22 young (22528K), 5 survivors (5120K)
 Metaspace       used 101910K, committed 103552K, reserved 1179648K
  class space    used 12529K, committed 13312K, reserved 1048576K
}
Event: 1783.386 GC heap after
{Heap after GC invocations=143 (full 12):
 garbage-first heap   total 138240K, used 47682K [0x0000000082c00000, 0x0000000100000000)
  region size 1024K, 0 young (0K), 0 survivors (0K)
 Metaspace       used 101910K, committed 103552K, reserved 1179648K
  class space    used 12529K, committed 13312K, reserved 1048576K
}
Event: 1787.418 GC heap before
{Heap before GC invocations=143 (full 12):
 garbage-first heap   total 138240K, used 125506K [0x0000000082c00000, 0x0000000100000000)
  region size 1024K, 77 young (78848K), 0 survivors (0K)
 Metaspace       used 102388K, committed 104000K, reserved 1179648K
  class space    used 12569K, committed 13376K, reserved 1048576K
}
Event: 1787.430 GC heap after
{Heap after GC invocations=144 (full 12):
 garbage-first heap   total 138240K, used 53826K [0x0000000082c00000, 0x0000000100000000)
  region size 1024K, 6 young (6144K), 6 survivors (6144K)
 Metaspace       used 102388K, committed 104000K, reserved 1179648K
  class space    used 12569K, committed 13376K, reserved 1048576K
}
Event: 1808.337 GC heap before
{Heap before GC invocations=145 (full 12):
 garbage-first heap   total 138240K, used 121410K [0x0000000082c00000, 0x0000000100000000)
  region size 1024K, 73 young (74752K), 6 survivors (6144K)
 Metaspace       used 102510K, committed 104128K, reserved 1179648K
  class space    used 12580K, committed 13376K, reserved 1048576K
}
Event: 1808.345 GC heap after
{Heap after GC invocations=146 (full 12):
 garbage-first heap   total 138240K, used 53360K [0x0000000082c00000, 0x0000000100000000)
  region size 1024K, 2 young (2048K), 2 survivors (2048K)
 Metaspace       used 102510K, committed 104128K, reserved 1179648K
  class space    used 12580K, committed 13376K, reserved 1048576K
}

Dll operation events (14 events):
Event: 0.044 Loaded shared library C:\Users\user\.jdks\openjdk-20\bin\java.dll
Event: 0.073 Loaded shared library C:\Users\user\.jdks\openjdk-20\bin\jsvml.dll
Event: 0.574 Loaded shared library C:\Users\user\.jdks\openjdk-20\bin\zip.dll
Event: 0.598 Loaded shared library C:\Users\user\.jdks\openjdk-20\bin\instrument.dll
Event: 0.614 Loaded shared library C:\Users\user\.jdks\openjdk-20\bin\net.dll
Event: 0.623 Loaded shared library C:\Users\user\.jdks\openjdk-20\bin\nio.dll
Event: 0.632 Loaded shared library C:\Users\user\.jdks\openjdk-20\bin\zip.dll
Event: 1.032 Loaded shared library C:\Users\user\.jdks\openjdk-20\bin\jimage.dll
Event: 1.354 Loaded shared library C:\Program Files\JetBrains\IntelliJ IDEA Community Edition 2023.1\bin\breakgen64.dll
Event: 1.394 Loaded shared library C:\Users\user\.jdks\openjdk-20\bin\extnet.dll
Event: 2.322 Loaded shared library C:\Users\user\.jdks\openjdk-20\bin\management.dll
Event: 2.330 Loaded shared library C:\Users\user\.jdks\openjdk-20\bin\management_ext.dll
Event: 4.197 Loaded shared library C:\Users\user\.jdks\openjdk-20\bin\verify.dll
Event: 12.518 Loaded shared library C:\Users\user\.jdks\openjdk-20\bin\sunmscapi.dll

Deoptimization events (20 events):
Event: 1785.716 Thread 0x000001fc35edc050 Uncommon trap: trap_request=0xffffffbe fr.pc=0x000001fc2468e224 relative=0x00000000000044c4
Event: 1785.716 Thread 0x000001fc35edc050 Uncommon trap: reason=profile_predicate action=maybe_recompile pc=0x000001fc2468e224 method=sun.security.ec.XECOperations.pointMultiply([BLsun/security/util/math/ImmutableIntegerModuloP;)Lsun/security/util/math/IntegerModuloP; @ 103 c2
Event: 1785.716 Thread 0x000001fc35edc050 DEOPT PACKING pc=0x000001fc2468e224 sp=0x00000084215fc6e0
Event: 1785.716 Thread 0x000001fc35edc050 DEOPT UNPACKING pc=0x000001fc23769d1c sp=0x00000084215fc820 mode 2
Event: 1785.993 Thread 0x000001fc35edab10 Uncommon trap: trap_request=0xffffffbe fr.pc=0x000001fc2468e224 relative=0x00000000000044c4
Event: 1785.993 Thread 0x000001fc35edab10 Uncommon trap: reason=profile_predicate action=maybe_recompile pc=0x000001fc2468e224 method=sun.security.ec.XECOperations.pointMultiply([BLsun/security/util/math/ImmutableIntegerModuloP;)Lsun/security/util/math/IntegerModuloP; @ 103 c2
Event: 1785.993 Thread 0x000001fc35edab10 DEOPT PACKING pc=0x000001fc2468e224 sp=0x0000008421afd990
Event: 1785.993 Thread 0x000001fc35edab10 DEOPT UNPACKING pc=0x000001fc23769d1c sp=0x0000008421afdad0 mode 2
Event: 1786.001 Thread 0x000001fc35edab10 Uncommon trap: trap_request=0xffffffbe fr.pc=0x000001fc2468e224 relative=0x00000000000044c4
Event: 1786.001 Thread 0x000001fc35edab10 Uncommon trap: reason=profile_predicate action=maybe_recompile pc=0x000001fc2468e224 method=sun.security.ec.XECOperations.pointMultiply([BLsun/security/util/math/ImmutableIntegerModuloP;)Lsun/security/util/math/IntegerModuloP; @ 103 c2
Event: 1786.001 Thread 0x000001fc35edab10 DEOPT PACKING pc=0x000001fc2468e224 sp=0x0000008421afd840
Event: 1786.001 Thread 0x000001fc35edab10 DEOPT UNPACKING pc=0x000001fc23769d1c sp=0x0000008421afd980 mode 2
Event: 1786.011 Thread 0x000001fc35edc050 Uncommon trap: trap_request=0xfffffff4 fr.pc=0x000001fc2467d074 relative=0x0000000000000494
Event: 1786.011 Thread 0x000001fc35edc050 Uncommon trap: reason=null_check action=make_not_entrant pc=0x000001fc2467d074 method=net.bytebuddy.description.annotation.AnnotationDescription$ForLoadedAnnotation.asValue(Ljava/lang/Object;Ljava/lang/Class;)Lnet/bytebuddy/description/annotation/Annotati
Event: 1786.011 Thread 0x000001fc35edc050 DEOPT PACKING pc=0x000001fc2467d074 sp=0x00000084215fc970
Event: 1786.012 Thread 0x000001fc35edc050 DEOPT UNPACKING pc=0x000001fc23769d1c sp=0x00000084215fc8f0 mode 2
Event: 1786.067 Thread 0x000001fc35edc050 Uncommon trap: trap_request=0xfffffff4 fr.pc=0x000001fc246e2774 relative=0x0000000000000494
Event: 1786.067 Thread 0x000001fc35edc050 Uncommon trap: reason=null_check action=make_not_entrant pc=0x000001fc246e2774 method=net.bytebuddy.description.annotation.AnnotationDescription$ForLoadedAnnotation.asValue(Ljava/lang/Object;Ljava/lang/Class;)Lnet/bytebuddy/description/annotation/Annotati
Event: 1786.067 Thread 0x000001fc35edc050 DEOPT PACKING pc=0x000001fc246e2774 sp=0x00000084215fc970
Event: 1786.067 Thread 0x000001fc35edc050 DEOPT UNPACKING pc=0x000001fc23769d1c sp=0x00000084215fc8f0 mode 2

Classes loaded (20 events):
Event: 121.550 Loading class java/util/concurrent/locks/AbstractQueuedSynchronizer$SharedNode
Event: 121.550 Loading class java/util/concurrent/locks/AbstractQueuedSynchronizer$SharedNode done
Event: 180.024 Loading class java/util/JumboEnumSet$EnumSetIterator
Event: 180.024 Loading class java/util/JumboEnumSet$EnumSetIterator done
Event: 180.172 Loading class java/util/EmptyStackException
Event: 180.173 Loading class java/util/EmptyStackException done
Event: 180.958 Loading class java/util/function/LongSupplier
Event: 180.958 Loading class java/util/function/LongSupplier done
Event: 181.089 Loading class java/lang/ObjectBeanInfo
Event: 181.089 Loading class java/lang/ObjectBeanInfo done
Event: 181.092 Loading class java/lang/ObjectBeanInfo
Event: 181.092 Loading class java/lang/ObjectBeanInfo done
Event: 181.093 Loading class java/lang/ObjectCustomizer
Event: 181.093 Loading class java/lang/ObjectCustomizer done
Event: 181.096 Loading class java/lang/ObjectCustomizer
Event: 181.096 Loading class java/lang/ObjectCustomizer done
Event: 181.381 Loading class java/time/DayOfWeek
Event: 181.383 Loading class java/time/DayOfWeek done
Event: 565.290 Loading class java/util/concurrent/atomic/Striped64$Cell
Event: 565.291 Loading class java/util/concurrent/atomic/Striped64$Cell done

Classes unloaded (16 events):
Event: 116.479 Thread 0x000001fc301927b0 Unloading class 0x0000000801b04000 'java/lang/invoke/LambdaForm$DMH+0x0000000801b04000'
Event: 150.875 Thread 0x000001fc301927b0 Unloading class 0x0000000801b2b800 'org/apache/catalina/loader/JdbcLeakPrevention'
Event: 286.984 Thread 0x000001fc301927b0 Unloading class 0x0000000801b50000 'org/apache/catalina/loader/JdbcLeakPrevention'
Event: 524.726 Thread 0x000001fc301927b0 Unloading class 0x0000000801b61800 'org/apache/catalina/loader/JdbcLeakPrevention'
Event: 551.885 Thread 0x000001fc301927b0 Unloading class 0x0000000801b50000 'org/apache/catalina/loader/JdbcLeakPrevention'
Event: 565.198 Thread 0x000001fc301927b0 Unloading class 0x0000000801c32000 'org/apache/catalina/loader/JdbcLeakPrevention'
Event: 581.847 Thread 0x000001fc301927b0 Unloading class 0x0000000801c4a800 'org/apache/catalina/loader/JdbcLeakPrevention'
Event: 678.492 Thread 0x000001fc301927b0 Unloading class 0x0000000801c60800 'org/apache/catalina/loader/JdbcLeakPrevention'
Event: 1115.438 Thread 0x000001fc301927b0 Unloading class 0x0000000801c75800 'org/apache/catalina/loader/JdbcLeakPrevention'
Event: 1277.147 Thread 0x000001fc301927b0 Unloading class 0x0000000801c84800 'org/apache/catalina/loader/JdbcLeakPrevention'
Event: 1394.128 Thread 0x000001fc301927b0 Unloading class 0x0000000801ca8800 'org/apache/catalina/loader/JdbcLeakPrevention'
Event: 1394.128 Thread 0x000001fc301927b0 Unloading class 0x0000000801c75c00 'org/apache/catalina/loader/JdbcLeakPrevention'
Event: 1501.332 Thread 0x000001fc301927b0 Unloading class 0x0000000801cc0000 'org/apache/catalina/loader/JdbcLeakPrevention'
Event: 1634.226 Thread 0x000001fc301927b0 Unloading class 0x0000000801cd0000 'org/apache/catalina/loader/JdbcLeakPrevention'
Event: 1704.836 Thread 0x000001fc301927b0 Unloading class 0x0000000801cc0000 'org/apache/catalina/loader/JdbcLeakPrevention'
Event: 1776.452 Thread 0x000001fc301927b0 Unloading class 0x0000000801cf4800 'org/apache/catalina/loader/JdbcLeakPrevention'

Classes redefined (0 events):
No events

Internal exceptions (20 events):
Event: 1788.151 Thread 0x000001fc35edc050 Exception <a 'java/lang/NoClassDefFoundError'{0x00000000891da3c8}: org/awesome/models/user/UserEditService> (0x00000000891da3c8) 
thrown [s\open\src\hotspot\share\classfile\systemDictionary.cpp, line 294]
Event: 1788.304 Thread 0x000001fc367ee2e0 Exception <a 'java/io/IOException'{0x000000008900d248}> (0x000000008900d248) 
thrown [s\open\src\hotspot\share\prims\jni.cpp, line 519]
Event: 1788.304 Thread 0x000001fc367ee2e0 Exception <a 'java/io/IOException'{0x000000008900da08}> (0x000000008900da08) 
thrown [s\open\src\hotspot\share\prims\jni.cpp, line 519]
Event: 1788.305 Thread 0x000001fc367ee2e0 Exception <a 'java/io/IOException'{0x000000008900f1b0}> (0x000000008900f1b0) 
thrown [s\open\src\hotspot\share\prims\jni.cpp, line 519]
Event: 1788.306 Thread 0x000001fc367ee2e0 Exception <a 'java/io/IOException'{0x000000008900f970}> (0x000000008900f970) 
thrown [s\open\src\hotspot\share\prims\jni.cpp, line 519]
Event: 1788.308 Thread 0x000001fc367ee2e0 Exception <a 'java/io/IOException'{0x0000000089012150}> (0x0000000089012150) 
thrown [s\open\src\hotspot\share\prims\jni.cpp, line 519]
Event: 1788.308 Thread 0x000001fc367ee2e0 Exception <a 'java/io/IOException'{0x0000000089012910}> (0x0000000089012910) 
thrown [s\open\src\hotspot\share\prims\jni.cpp, line 519]
Event: 1788.313 Thread 0x000001fc367ee2e0 Exception <a 'java/io/IOException'{0x00000000890140b8}> (0x00000000890140b8) 
thrown [s\open\src\hotspot\share\prims\jni.cpp, line 519]
Event: 1788.313 Thread 0x000001fc367ee2e0 Exception <a 'java/io/IOException'{0x0000000089014878}> (0x0000000089014878) 
thrown [s\open\src\hotspot\share\prims\jni.cpp, line 519]
Event: 1788.315 Thread 0x000001fc367ee2e0 Exception <a 'java/io/IOException'{0x0000000089016020}> (0x0000000089016020) 
thrown [s\open\src\hotspot\share\prims\jni.cpp, line 519]
Event: 1788.315 Thread 0x000001fc367ee2e0 Exception <a 'java/io/IOException'{0x00000000890167e0}> (0x00000000890167e0) 
thrown [s\open\src\hotspot\share\prims\jni.cpp, line 519]
Event: 1788.316 Thread 0x000001fc367ee2e0 Exception <a 'java/io/IOException'{0x0000000089017f88}> (0x0000000089017f88) 
thrown [s\open\src\hotspot\share\prims\jni.cpp, line 519]
Event: 1788.317 Thread 0x000001fc367ee2e0 Exception <a 'java/io/IOException'{0x0000000089018748}> (0x0000000089018748) 
thrown [s\open\src\hotspot\share\prims\jni.cpp, line 519]
Event: 1788.318 Thread 0x000001fc367ee2e0 Exception <a 'java/io/IOException'{0x000000008901af28}> (0x000000008901af28) 
thrown [s\open\src\hotspot\share\prims\jni.cpp, line 519]
Event: 1788.318 Thread 0x000001fc367ee2e0 Exception <a 'java/io/IOException'{0x000000008901b6e8}> (0x000000008901b6e8) 
thrown [s\open\src\hotspot\share\prims\jni.cpp, line 519]
Event: 1788.320 Thread 0x000001fc367ee2e0 Exception <a 'java/io/IOException'{0x000000008901ce90}> (0x000000008901ce90) 
thrown [s\open\src\hotspot\share\prims\jni.cpp, line 519]
Event: 1788.320 Thread 0x000001fc367ee2e0 Exception <a 'java/io/IOException'{0x000000008901d650}> (0x000000008901d650) 
thrown [s\open\src\hotspot\share\prims\jni.cpp, line 519]
Event: 1788.333 Thread 0x000001fc35ed9b20 Exception <a 'java/lang/InterruptedException'{0x0000000089024650}: sleep interrupted> (0x0000000089024650) 
thrown [s\open\src\hotspot\share\prims\jvm.cpp, line 3086]
Event: 1788.352 Thread 0x000001fc35edc050 Exception <a 'java/lang/NoClassDefFoundError'{0x00000000890493f0}: liquibase/exception/ChangeLogParseException> (0x00000000890493f0) 
thrown [s\open\src\hotspot\share\classfile\systemDictionary.cpp, line 294]
Event: 1829.087 Thread 0x000001fc367f1800 Exception <a 'sun/nio/fs/WindowsException'{0x0000000088663510}> (0x0000000088663510) 
thrown [s\open\src\hotspot\share\prims\jni.cpp, line 519]

VM Operations (20 events):
Event: 1777.567 Executing VM operation: Cleanup
Event: 1777.567 Executing VM operation: Cleanup done
Event: 1783.217 Executing VM operation: G1CollectFull
Event: 1783.387 Executing VM operation: G1CollectFull done
Event: 1784.388 Executing VM operation: Cleanup
Event: 1784.602 Executing VM operation: Cleanup done
Event: 1785.605 Executing VM operation: Cleanup
Event: 1787.418 Executing VM operation: Cleanup done
Event: 1787.418 Executing VM operation: G1CollectForAllocation
Event: 1787.453 Executing VM operation: G1CollectForAllocation done
Event: 1787.660 Executing VM operation: G1PauseRemark
Event: 1787.745 Executing VM operation: G1PauseRemark done
Event: 1787.814 Executing VM operation: G1PauseCleanup
Event: 1787.833 Executing VM operation: G1PauseCleanup done
Event: 1788.838 Executing VM operation: Cleanup
Event: 1788.839 Executing VM operation: Cleanup done
Event: 1808.336 Executing VM operation: G1CollectForAllocation
Event: 1808.345 Executing VM operation: G1CollectForAllocation done
Event: 1829.519 Executing VM operation: Cleanup
Event: 1829.520 Executing VM operation: Cleanup done

Events (20 events):
Event: 1784.602 Thread 0x000001fc374a3680 Thread exited: 0x000001fc374a3680
Event: 1784.665 Thread 0x000001fc366ae470 Thread added: 0x000001fc366ae470
Event: 1785.255 Thread 0x000001fc35eda5c0 Thread added: 0x000001fc35eda5c0
Event: 1785.256 Thread 0x000001fc35edd040 Thread added: 0x000001fc35edd040
Event: 1785.256 Thread 0x000001fc35ed9b20 Thread added: 0x000001fc35ed9b20
Event: 1785.747 Thread 0x000001fc35edb5b0 Thread added: 0x000001fc35edb5b0
Event: 1785.895 Thread 0x000001fc35edab10 Thread added: 0x000001fc35edab10
Event: 1787.549 Thread 0x000001fc366ae470 Thread exited: 0x000001fc366ae470
Event: 1788.153 Thread 0x000001fc367ee2e0 Thread added: 0x000001fc367ee2e0
Event: 1788.154 Thread 0x000001fc35edab10 Thread exited: 0x000001fc35edab10
Event: 1788.154 Thread 0x000001fc35edb5b0 Thread exited: 0x000001fc35edb5b0
Event: 1788.325 Thread 0x000001fc367ee2e0 Thread exited: 0x000001fc367ee2e0
Event: 1788.333 Thread 0x000001fc35ed9b20 Thread exited: 0x000001fc35ed9b20
Event: 1788.433 Thread 0x000001fc367ef2d0 Thread added: 0x000001fc367ef2d0
Event: 1788.433 Thread 0x000001fc35edc050 Thread exited: 0x000001fc35edc050
Event: 1789.844 Thread 0x000001fc35eda5c0 Thread exited: 0x000001fc35eda5c0
Event: 1789.890 Thread 0x000001fc35edd040 Thread exited: 0x000001fc35edd040
Event: 1829.022 Thread 0x000001fc367f1800 Thread added: 0x000001fc367f1800
Event: 1829.236 Thread 0x000001fc367f1d50 Thread added: 0x000001fc367f1d50
Event: 1829.293 Thread 0x000001fc367f1d50 Thread exited: 0x000001fc367f1d50


Dynamic libraries:
0x00007ff791270000 - 0x00007ff79127e000 	C:\Users\user\.jdks\openjdk-20\bin\java.exe
0x00007ffbb76b0000 - 0x00007ffbb78a8000 	C:\WINDOWS\SYSTEM32\ntdll.dll
0x00007ffbb6c10000 - 0x00007ffbb6ccf000 	C:\WINDOWS\System32\KERNEL32.DLL
0x00007ffbb4e80000 - 0x00007ffbb5176000 	C:\WINDOWS\System32\KERNELBASE.dll
0x00007ffbb5210000 - 0x00007ffbb5310000 	C:\WINDOWS\System32\ucrtbase.dll
0x00007ffbaeb60000 - 0x00007ffbaeb77000 	C:\Users\user\.jdks\openjdk-20\bin\jli.dll
0x00007ffbb5ca0000 - 0x00007ffbb5e3d000 	C:\WINDOWS\System32\USER32.dll
0x00007ffbb4e50000 - 0x00007ffbb4e72000 	C:\WINDOWS\System32\win32u.dll
0x00007ffbb6230000 - 0x00007ffbb625c000 	C:\WINDOWS\System32\GDI32.dll
0x00007ffbb55f0000 - 0x00007ffbb5705000 	C:\WINDOWS\System32\gdi32full.dll
0x00007ffbb5310000 - 0x00007ffbb53ad000 	C:\WINDOWS\System32\msvcp_win.dll
0x00007ffbaecd0000 - 0x00007ffbaeceb000 	C:\Users\user\.jdks\openjdk-20\bin\VCRUNTIME140.dll
0x00007ffb9a5f0000 - 0x00007ffb9a88a000 	C:\WINDOWS\WinSxS\amd64_microsoft.windows.common-controls_6595b64144ccf1df_6.0.19041.1110_none_60b5254171f9507e\COMCTL32.dll
0x00007ffbb6e80000 - 0x00007ffbb6f1e000 	C:\WINDOWS\System32\msvcrt.dll
0x00007ffbb5bc0000 - 0x00007ffbb5bf0000 	C:\WINDOWS\System32\IMM32.DLL
0x00007ffbb00e0000 - 0x00007ffbb00ec000 	C:\Users\user\.jdks\openjdk-20\bin\vcruntime140_1.dll
0x00007ffba4d00000 - 0x00007ffba4d8e000 	C:\Users\user\.jdks\openjdk-20\bin\msvcp140.dll
0x00007ffb328d0000 - 0x00007ffb33567000 	C:\Users\user\.jdks\openjdk-20\bin\server\jvm.dll
0x00007ffbb67f0000 - 0x00007ffbb689f000 	C:\WINDOWS\System32\ADVAPI32.dll
0x00007ffbb5810000 - 0x00007ffbb58ac000 	C:\WINDOWS\System32\sechost.dll
0x00007ffbb5960000 - 0x00007ffbb5a86000 	C:\WINDOWS\System32\RPCRT4.dll
0x00007ffbae3d0000 - 0x00007ffbae3d9000 	C:\WINDOWS\SYSTEM32\WSOCK32.dll
0x00007ffbb61b0000 - 0x00007ffbb621b000 	C:\WINDOWS\System32\WS2_32.dll
0x00007ffbace70000 - 0x00007ffbace7a000 	C:\WINDOWS\SYSTEM32\VERSION.dll
0x00007ffba7a80000 - 0x00007ffba7aa7000 	C:\WINDOWS\SYSTEM32\WINMM.dll
0x00007ffbb35d0000 - 0x00007ffbb35e2000 	C:\WINDOWS\SYSTEM32\kernel.appcore.dll
0x00007ffbae330000 - 0x00007ffbae33a000 	C:\Users\user\.jdks\openjdk-20\bin\jimage.dll
0x00007ffbb2b50000 - 0x00007ffbb2d34000 	C:\WINDOWS\SYSTEM32\DBGHELP.DLL
0x00007ffbac0a0000 - 0x00007ffbac0d4000 	C:\WINDOWS\SYSTEM32\dbgcore.DLL
0x00007ffbb5180000 - 0x00007ffbb5202000 	C:\WINDOWS\System32\bcryptPrimitives.dll
0x00007ffbae300000 - 0x00007ffbae30e000 	C:\Users\user\.jdks\openjdk-20\bin\instrument.dll
0x00007ffbadd30000 - 0x00007ffbadd56000 	C:\Users\user\.jdks\openjdk-20\bin\java.dll
0x00007ffb77320000 - 0x00007ffb773f7000 	C:\Users\user\.jdks\openjdk-20\bin\jsvml.dll
0x00007ffbb6f20000 - 0x00007ffbb7664000 	C:\WINDOWS\System32\SHELL32.dll
0x00007ffbb2d40000 - 0x00007ffbb34d3000 	C:\WINDOWS\SYSTEM32\windows.storage.dll
0x00007ffbb68a0000 - 0x00007ffbb6bf4000 	C:\WINDOWS\System32\combase.dll
0x00007ffbb4700000 - 0x00007ffbb472e000 	C:\WINDOWS\SYSTEM32\Wldp.dll
0x00007ffbb5bf0000 - 0x00007ffbb5c9d000 	C:\WINDOWS\System32\SHCORE.dll
0x00007ffbb5a90000 - 0x00007ffbb5ae5000 	C:\WINDOWS\System32\shlwapi.dll
0x00007ffbb4cd0000 - 0x00007ffbb4cef000 	C:\WINDOWS\SYSTEM32\profapi.dll
0x00007ffbadc30000 - 0x00007ffbadc48000 	C:\Users\user\.jdks\openjdk-20\bin\zip.dll
0x00007ffbadc10000 - 0x00007ffbadc23000 	C:\Users\user\.jdks\openjdk-20\bin\net.dll
0x00007ffbab770000 - 0x00007ffbab87a000 	C:\WINDOWS\SYSTEM32\WINHTTP.dll
0x00007ffbb4460000 - 0x00007ffbb44ca000 	C:\WINDOWS\system32\mswsock.dll
0x00007ffbadbf0000 - 0x00007ffbadc06000 	C:\Users\user\.jdks\openjdk-20\bin\nio.dll
0x00007ffbad820000 - 0x00007ffbad83a000 	C:\Program Files\JetBrains\IntelliJ IDEA Community Edition 2023.1\bin\breakgen64.dll
0x00007ffbae2f0000 - 0x00007ffbae2f7000 	C:\Users\user\.jdks\openjdk-20\bin\extnet.dll
0x00007ffbae290000 - 0x00007ffbae29a000 	C:\Users\user\.jdks\openjdk-20\bin\management.dll
0x00007ffbae240000 - 0x00007ffbae24b000 	C:\Users\user\.jdks\openjdk-20\bin\management_ext.dll
0x00007ffbb6220000 - 0x00007ffbb6228000 	C:\WINDOWS\System32\PSAPI.DLL
0x00007ffbae2d0000 - 0x00007ffbae2e0000 	C:\Users\user\.jdks\openjdk-20\bin\verify.dll
0x00007ffbb4660000 - 0x00007ffbb4678000 	C:\WINDOWS\SYSTEM32\CRYPTSP.dll
0x00007ffbb3d80000 - 0x00007ffbb3db4000 	C:\WINDOWS\system32\rsaenh.dll
0x00007ffbb5460000 - 0x00007ffbb5487000 	C:\WINDOWS\System32\bcrypt.dll
0x00007ffbb4c50000 - 0x00007ffbb4c7e000 	C:\WINDOWS\SYSTEM32\USERENV.dll
0x00007ffbb4650000 - 0x00007ffbb465c000 	C:\WINDOWS\SYSTEM32\CRYPTBASE.dll
0x00007ffbb4150000 - 0x00007ffbb418c000 	C:\WINDOWS\SYSTEM32\IPHLPAPI.DLL
0x00007ffbb6c00000 - 0x00007ffbb6c08000 	C:\WINDOWS\System32\NSI.dll
0x00007ffbab8c0000 - 0x00007ffbab8d7000 	C:\WINDOWS\SYSTEM32\dhcpcsvc6.DLL
0x00007ffbabf10000 - 0x00007ffbabf2d000 	C:\WINDOWS\SYSTEM32\dhcpcsvc.DLL
0x00007ffbb4190000 - 0x00007ffbb425a000 	C:\WINDOWS\SYSTEM32\DNSAPI.dll
0x00007ffbadd20000 - 0x00007ffbadd2e000 	C:\Users\user\.jdks\openjdk-20\bin\sunmscapi.dll
0x00007ffbb5490000 - 0x00007ffbb55ee000 	C:\WINDOWS\System32\CRYPT32.dll
0x00007ffbb4770000 - 0x00007ffbb4798000 	C:\WINDOWS\SYSTEM32\ncrypt.dll
0x00007ffbb4730000 - 0x00007ffbb476b000 	C:\WINDOWS\SYSTEM32\NTASN1.dll
0x00007ffbaa570000 - 0x00007ffbaa57a000 	C:\Windows\System32\rasadhlp.dll
0x00007ffbaa380000 - 0x00007ffbaa402000 	C:\WINDOWS\System32\fwpuclnt.dll
0x00007ffb8f1b0000 - 0x00007ffb8f1b7000 	C:\WINDOWS\system32\wshunix.dll

dbghelp: loaded successfully - version: 4.0.5 - missing functions: none
symbol engine: initialized successfully - sym options: 0x614 - pdb path: .;C:\Users\user\.jdks\openjdk-20\bin;C:\WINDOWS\SYSTEM32;C:\WINDOWS\WinSxS\amd64_microsoft.windows.common-controls_6595b64144ccf1df_6.0.19041.1110_none_60b5254171f9507e;C:\Users\user\.jdks\openjdk-20\bin\server;C:\Program Files\JetBrains\IntelliJ IDEA Community Edition 2023.1\bin

VM Arguments:
jvm_args: -javaagent:C:\Program Files\JetBrains\IntelliJ IDEA Community Edition 2023.1\lib\idea_rt.jar=52526:C:\Program Files\JetBrains\IntelliJ IDEA Community Edition 2023.1\bin -Dfile.encoding=UTF-8 -Dsun.stdout.encoding=UTF-8 -Dsun.stderr.encoding=UTF-8 
java_command: org.awesome.LibraryApplication
java_class_path (initial): C:\Users\user\Desktop\eGovFrameDev-4.0.0-64bit\springboot\Library_project\target\classes;C:\Users\user\.m2\repository\org\springframework\boot\spring-boot-starter-data-jpa\3.0.5\spring-boot-starter-data-jpa-3.0.5.jar;C:\Users\user\.m2\repository\org\springframework\boot\spring-boot-starter-aop\3.0.5\spring-boot-starter-aop-3.0.5.jar;C:\Users\user\.m2\repository\org\aspectj\aspectjweaver\1.9.19\aspectjweaver-1.9.19.jar;C:\Users\user\.m2\repository\org\springframework\boot\spring-boot-starter-jdbc\3.0.5\spring-boot-starter-jdbc-3.0.5.jar;C:\Users\user\.m2\repository\com\zaxxer\HikariCP\5.0.1\HikariCP-5.0.1.jar;C:\Users\user\.m2\repository\org\springframework\spring-jdbc\6.0.7\spring-jdbc-6.0.7.jar;C:\Users\user\.m2\repository\org\hibernate\orm\hibernate-core\6.1.7.Final\hibernate-core-6.1.7.Final.jar;C:\Users\user\.m2\repository\jakarta\persistence\jakarta.persistence-api\3.1.0\jakarta.persistence-api-3.1.0.jar;C:\Users\user\.m2\repository\jakarta\transaction\jakarta.transaction-api\2.0.1\jakarta.transaction-api-2.0.1.jar;C:\Users\user\.m2\repository\org\jboss\logging\jboss-logging\3.5.0.Final\jboss-logging-3.5.0.Final.jar;C:\Users\user\.m2\repository\org\hibernate\common\hibernate-commons-annotations\6.0.6.Final\hibernate-commons-annotations-6.0.6.Final.jar;C:\Users\user\.m2\repository\org\jboss\jandex\2.4.2.Final\jandex-2.4.2.Final.jar;C:\Users\user\.m2\repository\com\fasterxml\classmate\1.5.1\classmate-1.5.1.jar;C:\Users\user\.m2\repository\net\bytebuddy\byte-buddy\1.12.23\byte-buddy-1.12.23.jar;C:\Users\user\.m2\repository\org\glassfish\jaxb\jaxb-runtime\4.0.2\jaxb-runtime-4.0.2.jar;C:\Users\user\.m2\repository\org\glassfish\jaxb\jaxb-core\4.0.2\jaxb-core-4.0.2.jar;C:\Users\user\.m2\repository\org\eclipse\angus\angus-activation\2.0.0\angus-activation-2.0.0.jar;C:\Users\user\.m2\repository\org\glassfish\jaxb\txw2\4.0.2\txw2-4.0.2.jar;C:\Users\user\.m2\repository\com\sun\istack\istack-commons-runtime\4.1.1\istack-commons-runtime-4.1.1.jar;C:\Users\user\.m2\repository\jakarta\inject\jakarta.inject-api\2.0.0\jakarta.inject-api-2.0.0.jar;C:\Users\user\.m2\repository\org\antlr\antlr4-runtime\4.10.1\antlr4-runtime-4.10.1.jar;C:\Users\user\.m2\repository\org\springframework\data\spring-data-jpa\3.0.4\spring-data-jpa-3.0.4.jar;C:\Users\user\.m2\repository\org\springframework\data\spring-data-commons\3.0.4\spring-data-commons-3.0.4.jar;C:\Users\user\.m2\repository\org\springframework\spring-orm\6.0.7\spring-orm-6.0.7.jar;C:\Users\user\.m2\repository\org\springframework\spring-context\6.0.7\spring-context-6.0.7.jar;C:\Users\user\.m2\repository\org\springframework\spring-tx\6.0.7\spring-tx-6.0.7.jar;C:\Users\user\.m2\repository\org\springframework\spring-beans\6.0.7\spring-beans-6.0.7.jar;C:\Users\user\.m2\repository\jakarta\annotation\jakarta.annotation-api\2.1.1\jakarta.annotation-api-2.1.1.jar;C:\Users\user\.m2\repository\org\springframework\spring-aspects\6.0.7\spring-aspects-6.0.7.jar;C:\Users\user\.m2\repository\com\querydsl\querydsl-jpa\5.0.0\querydsl-jpa-5.0.0-jakarta.jar;C:\Users\user\.m2\repository\com\querydsl\querydsl-core\5.0.0\querydsl-core-5.0.0.jar;C:\Users\user\.m2\repository\com\mysema\commons\mysema-commons-lang\0.2.4\mysema-commons-lang-0.2.4.jar;C:\Users\user\.m2\repository\com\querydsl\querydsl-apt\5.0.0\querydsl-apt-5.0.0-jakarta.jar;C:\Users\user\.m2\repository\com\querydsl\querydsl-codegen\5.0.0\querydsl-codegen-5.0.0.jar;C:\Users\user\.m2\repository\com\querydsl\codegen-utils\5.0.0\codegen-utils-5.0.0.jar;C:\Users\user\.m2\repository\org\eclipse\jdt\ecj\3.26.0\ecj-3.26.0.jar;C:\Users\user\.m2\repository\javax\inject\javax.inject\1\javax.inject-1.jar;C:\Users\user\.m2\repository\io\github\classgraph\classgraph\4.8.108\classgraph-4.8.108.jar;C:\Users\user\.m2\repository\org\springframework\boot\spring-boot-starter-security\3.0.5\spring-boot-starter-security-3.0.5.jar;C:\Users\user\.m2\repository\org\springframework\boot\spring-boot-starter\3.0.5\spring-boot-starter-3.0.5.jar;C:\Users\user\.m2\repository\org\springframework\boot\spring-boot-starter-logging\3.0.5\spring-boot-starter-logging-3.0.5.jar;C:\Users\user\.m2\repository\ch\qos\logback\logback-classic\1.4.6\logback-classic-1.4.6.jar;C:\Users\user\.m2\repository\ch\qos\logback\logback-core\1.4.6\logback-core-1.4.6.jar;C:\Users\user\.m2\repository\org\apache\logging\log4j\log4j-to-slf4j\2.19.0\log4j-to-slf4j-2.19.0.jar;C:\Users\user\.m2\repository\org\apache\logging\log4j\log4j-api\2.19.0\log4j-api-2.19.0.jar;C:\Users\user\.m2\repository\org\slf4j\jul-to-slf4j\2.0.7\jul-to-slf4j-2.0.7.jar;C:\Users\user\.m2\repository\org\yaml\snakeyaml\1.33\snakeyaml-1.33.jar;C:\Users\user\.m2\repository\org\springframework\spring-aop\6.0.7\spring-aop-6.0.7.jar;C:\Users\user\.m2\repository\org\springframework\security\spring-security-config\6.0.2\spring-security-config-6.0.2.jar;C:\Users\user\.m2\repository\org\springframework\security\spring-security-web\6.0.2\spring-security-web-6.0.2.jar;C:\Users\user\.m2\repository\org\springframework\spring-expression\6.0.7\spring-expression-6.0.7.jar;C:\Users\user\.m2\repository\org\springframework\boot\spring-boot-starter-thymeleaf\3.0.5\spring-boot-starter-thymeleaf-3.0.5.jar;C:\Users\user\.m2\repository\org\thymeleaf\thymeleaf-spring6\3.1.1.RELEASE\thymeleaf-spring6-3.1.1.RELEASE.jar;C:\Users\user\.m2\repository\nz\net\ultraq\thymeleaf\thymeleaf-layout-dialect\3.2.1\thymeleaf-layout-dialect-3.2.1.jar;C:\Users\user\.m2\repository\org\apache\groovy\groovy\4.0.10\groovy-4.0.10.jar;C:\Users\user\.m2\repository\nz\net\ultraq\groovy\groovy-extensions\2.1.0\groovy-extensions-2.1.0.jar;C:\Users\user\.m2\repository\nz\net\ultraq\thymeleaf\thymeleaf-expression-processor\3.1.1\thymeleaf-expression-processor-3.1.1.jar;C:\Users\user\.m2\repository\org\thymeleaf\thymeleaf\3.1.1.RELEASE\thymeleaf-3.1.1.RELEASE.jar;C:\Users\user\.m2\repository\ognl\ognl\3.3.4\ognl-3.3.4.jar;C:\Users\user\.m2\repository\org\javassist\javassist\3.29.0-GA\javassist-3.29.0-GA.jar;C:\Users\user\.m2\repository\org\attoparser\attoparser\2.0.6.RELEASE\attoparser-2.0.6.RELEASE.jar;C:\Users\user\.m2\repository\org\unbescape\unbescape\1.1.6.RELEASE\unbescape-1.1.6.RELEASE.jar;C:\Users\user\.m2\repository\org\slf4j\slf4j-api\2.0.7\slf4j-api-2.0.7.jar;C:\Users\user\.m2\repository\org\springframework\boot\spring-boot-starter-validation\3.0.5\spring-boot-starter-validation-3.0.5.jar;C:\Users\user\.m2\repository\org\apache\tomcat\embed\tomcat-embed-el\10.1.7\tomcat-embed-el-10.1.7.jar;C:\Users\user\.m2\repository\org\hibernate\validator\hibernate-validator\8.0.0.Final\hibernate-validator-8.0.0.Final.jar;C:\Users\user\.m2\repository\jakarta\validation\jakarta.validation-api\3.0.2\jakarta.validation-api-3.0.2.jar;C:\Users\user\.m2\repository\org\springframework\boot\spring-boot-starter-web\3.0.5\spring-boot-starter-web-3.0.5.jar;C:\Users\user\.m2\repository\org\springframework\boot\spring-boot-starter-json\3.0.5\spring-boot-starter-json-3.0.5.jar;C:\Users\user\.m2\repository\com\fasterxml\jackson\core\jackson-databind\2.14.2\jackson-databind-2.14.2.jar;C:\Users\user\.m2\repository\com\fasterxml\jackson\core\jackson-annotations\2.14.2\jackson-annotations-2.14.2.jar;C:\Users\user\.m2\repository\com\fasterxml\jackson\core\jackson-core\2.14.2\jackson-core-2.14.2.jar;C:\Users\user\.m2\repository\com\fasterxml\jackson\datatype\jackson-datatype-jdk8\2.14.2\jackson-datatype-jdk8-2.14.2.jar;C:\Users\user\.m2\repository\com\fasterxml\jackson\datatype\jackson-datatype-jsr310\2.14.2\jackson-datatype-jsr310-2.14.2.jar;C:\Users\user\.m2\repository\com\fasterxml\jackson\module\jackson-module-parameter-names\2.14.2\jackson-module-parameter-names-2.14.2.jar;C:\Users\user\.m2\repository\org\springframework\boot\spring-boot-starter-tomcat\3.0.5\spring-boot-starter-tomcat-3.0.5.jar;C:\Users\user\.m2\repository\org\apache\tomcat\embed\tomcat-embed-core\10.1.7\tomcat-embed-core-10.1.7.jar;C:\Users\user\.m2\repository\org\apache\tomcat\embed\tomcat-embed-websocket\10.1.7\tomcat-embed-websocket-10.1.7.jar;C:\Users\user\.m2\repository\org\springframework\spring-web\6.0.7\spring-web-6.0.7.jar;C:\Users\user\.m2\repository\io\micrometer\micrometer-observation\1.10.5\micrometer-observation-1.10.5.jar;C:\Users\user\.m2\repository\io\micrometer\micrometer-commons\1.10.5\micrometer-commons-1.10.5.jar;C:\Users\user\.m2\repository\org\springframework\spring-webmvc\6.0.7\spring-webmvc-6.0.7.jar;C:\Users\user\.m2\repository\org\thymeleaf\extras\thymeleaf-extras-springsecurity6\3.1.1.RELEASE\thymeleaf-extras-springsecurity6-3.1.1.RELEASE.jar;C:\Users\user\.m2\repository\org\springframework\boot\spring-boot-devtools\3.0.5\spring-boot-devtools-3.0.5.jar;C:\Users\user\.m2\repository\org\springframework\boot\spring-boot\3.0.5\spring-boot-3.0.5.jar;C:\Users\user\.m2\repository\org\springframework\boot\spring-boot-autoconfigure\3.0.5\spring-boot-autoconfigure-3.0.5.jar;C:\Users\user\.m2\repository\com\mysql\mysql-connector-j\8.0.32\mysql-connector-j-8.0.32.jar;C:\Users\user\.m2\repository\org\projectlombok\lombok\1.18.26\lombok-1.18.26.jar;C:\Users\user\.m2\repository\org\modelmapper\modelmapper\3.1.1\modelmapper-3.1.1.jar;C:\Users\user\.m2\repository\jakarta\xml\bind\jakarta.xml.bind-api\4.0.0\jakarta.xml.bind-api-4.0.0.jar;C:\Users\user\.m2\repository\jakarta\activation\jakarta.activation-api\2.1.1\jakarta.activation-api-2.1.1.jar;C:\Users\user\.m2\repository\org\springframework\spring-core\6.0.7\spring-core-6.0.7.jar;C:\Users\user\.m2\repository\org\springframework\spring-jcl\6.0.7\spring-jcl-6.0.7.jar;C:\Users\user\.m2\repository\org\springframework\security\spring-security-core\6.0.2\spring-security-core-6.0.2.jar;C:\Users\user\.m2\repository\org\springframework\security\spring-security-crypto\6.0.2\spring-security-crypto-6.0.2.jar
Launcher Type: SUN_STANDARD

[Global flags]
     intx CICompilerCount                          = 3                                         {product} {ergonomic}
     uint ConcGCThreads                            = 1                                         {product} {ergonomic}
     uint G1ConcRefinementThreads                  = 4                                         {product} {ergonomic}
   size_t G1HeapRegionSize                         = 1048576                                   {product} {ergonomic}
    uintx GCDrainStackTargetSize                   = 64                                        {product} {ergonomic}
   size_t InitialHeapSize                          = 132120576                                 {product} {ergonomic}
   size_t MarkStackSize                            = 4194304                                   {product} {ergonomic}
   size_t MaxHeapSize                              = 2101346304                                {product} {ergonomic}
   size_t MaxNewSize                               = 1260388352                                {product} {ergonomic}
   size_t MinHeapDeltaBytes                        = 1048576                                   {product} {ergonomic}
   size_t MinHeapSize                              = 8388608                                   {product} {ergonomic}
    uintx NonNMethodCodeHeapSize                   = 5832780                                {pd product} {ergonomic}
    uintx NonProfiledCodeHeapSize                  = 122912730                              {pd product} {ergonomic}
    uintx ProfiledCodeHeapSize                     = 122912730                              {pd product} {ergonomic}
    uintx ReservedCodeCacheSize                    = 251658240                              {pd product} {ergonomic}
     bool SegmentedCodeCache                       = true                                      {product} {ergonomic}
   size_t SoftMaxHeapSize                          = 2101346304                             {manageable} {ergonomic}
     bool UseCompressedClassPointers               = true                           {product lp64_product} {ergonomic}
     bool UseCompressedOops                        = true                           {product lp64_product} {ergonomic}
     bool UseG1GC                                  = true                                      {product} {ergonomic}
     bool UseLargePagesIndividualAllocation        = false                                  {pd product} {ergonomic}

Logging:
Log output configuration:
 #0: stdout all=warning uptime,level,tags foldmultilines=false
 #1: stderr all=off uptime,level,tags foldmultilines=false

Environment Variables:
JAVA_HOME=C:\Program Files\Java\jdk-11.0.17
PATH=C:\Python311\Scripts\;C:\Python311\;C:\Program Files\Common Files\Oracle\Java\javapath;C:\WINDOWS\system32;C:\WINDOWS;C:\WINDOWS\System32\Wbem;C:\WINDOWS\System32\WindowsPowerShell\v1.0\;C:\WINDOWS\System32\OpenSSH\;C:\Program Files\Intel\WiFi\bin\;C:\Program Files\Common Files\Intel\WirelessCommon\;C:\Program Files\Git\cmd;C:\Program Files\nodejs\;C:\ProgramData\chocolatey\bin;C:\Program Files\Java\jdk-11.0.17\bin;C:\Users\user\Desktop\eGovFrameDev-4.0.0-64bit\apache-maven-3.8.7\bin;C:\Users\user\AppData\Local\Programs\Python\Python38\Scripts\;C:\Users\user\AppData\Local\Programs\Python\Python38\;C:\Users\user\AppData\Local\Microsoft\WindowsApps;C:\Program Files\Intel\WiFi\bin\;C:\Program Files\Common Files\Intel\WirelessCommon\;C:\Microsoft VS Code\bin;C:\Users\user\AppData\Roaming\npm;C:\Program Files\heroku\bin
USERNAME=user
OS=Windows_NT
PROCESSOR_IDENTIFIER=Intel64 Family 6 Model 122 Stepping 1, GenuineIntel
TMP=C:\Users\user\AppData\Local\Temp
TEMP=C:\Users\user\AppData\Local\Temp




---------------  S Y S T E M  ---------------

OS:
 Windows 10 , 64 bit Build 19041 (10.0.19041.3031)
OS uptime: 10 days 3:23 hours

CPU: total 4 (initial active 4) (4 cores per cpu, 1 threads per core) family 6 model 122 stepping 1 microcode 0x2e, cx8, cmov, fxsr, mmx, 3dnowpref, sse, sse2, sse3, ssse3, sse4.1, sse4.2, popcnt, tsc, tscinvbit, aes, erms, clmul, sha, clflush, clflushopt, rdtscp, rdpid

Memory: 4k page, system-wide physical 8013M (1404M free)
TotalPageFile size 16717M (AvailPageFile size 3078M)
current process WorkingSet (physical memory assigned to process): 397M, peak: 413M
current process commit charge ("private bytes"): 425M, peak: 443M

vm_info: OpenJDK 64-Bit Server VM (20+36-2344) for windows-amd64 JRE (20+36-2344), built on 2023-02-10T19:30:15Z by "mach5one" with MS VC++ 17.1 (VS2022)

END.
